<?xml version="1.0" encoding="UTF-8"?>
<!-- Generated by org.testng.reporters.JUnitXMLReporter -->
<testsuite hostname="vaibs-pc" ignored="23" name="Default test" tests="1" failures="0" timestamp="2021-10-20T16:25:20 IST" time="0.658" errors="0">
  <testcase name="searchFlightsTest" time="0.0" classname="com.emt.testcases.RoundTripTest">
    <skipped/>
  </testcase> <!-- searchFlightsTest -->
  <testcase name="ToOriginLeftBlankTest" time="0.0" classname="com.emt.testcases.RoundTripTest">
    <ignored/>
  </testcase> <!-- ToOriginLeftBlankTest -->
  <testcase name="flightPageTest" time="0.0" classname="com.emt.testcases.RoundTripTest">
    <ignored/>
  </testcase> <!-- flightPageTest -->
  <testcase name="FromCountryOrCityTest" time="0.0" classname="com.emt.testcases.RoundTripTest">
    <ignored/>
  </testcase> <!-- FromCountryOrCityTest -->
  <testcase name="ToDropdownNumberAcceptanceTest" time="0.0" classname="com.emt.testcases.RoundTripTest">
    <ignored/>
  </testcase> <!-- ToDropdownNumberAcceptanceTest -->
  <testcase name="TravellersDropdownAdultAddDelTest" time="0.0" classname="com.emt.testcases.RoundTripTest">
    <ignored/>
  </testcase> <!-- TravellersDropdownAdultAddDelTest -->
  <testcase name="ToDropdownDisplayTest" time="0.0" classname="com.emt.testcases.RoundTripTest">
    <ignored/>
  </testcase> <!-- ToDropdownDisplayTest -->
  <testcase name="ToDropdownAlphaNumericTest" time="0.0" classname="com.emt.testcases.RoundTripTest">
    <ignored/>
  </testcase> <!-- ToDropdownAlphaNumericTest -->
  <testcase name="SelectNextTwoMonthDateTest" time="0.0" classname="com.emt.testcases.RoundTripTest">
    <ignored/>
  </testcase> <!-- SelectNextTwoMonthDateTest -->
  <testcase name="TravellersDropdownChildAddDelTest" time="0.0" classname="com.emt.testcases.RoundTripTest">
    <ignored/>
  </testcase> <!-- TravellersDropdownChildAddDelTest -->
  <testcase name="TravellersDropdownInfantAddDelTest" time="0.0" classname="com.emt.testcases.RoundTripTest">
    <ignored/>
  </testcase> <!-- TravellersDropdownInfantAddDelTest -->
  <testcase name="ToDropdownCharacterAcceptanceTest" time="0.0" classname="com.emt.testcases.RoundTripTest">
    <ignored/>
  </testcase> <!-- ToDropdownCharacterAcceptanceTest -->
  <testcase name="fromDropdownNumberAcceptanceTest" time="0.0" classname="com.emt.testcases.RoundTripTest">
    <ignored/>
  </testcase> <!-- fromDropdownNumberAcceptanceTest -->
  <testcase name="fromDropdownSpecialharacterAcceptanceTest" time="0.0" classname="com.emt.testcases.RoundTripTest">
    <ignored/>
  </testcase> <!-- fromDropdownSpecialharacterAcceptanceTest -->
  <testcase name="fromDropdownCharacterAcceptanceTest" time="0.0" classname="com.emt.testcases.RoundTripTest">
    <ignored/>
  </testcase> <!-- fromDropdownCharacterAcceptanceTest -->
  <testcase name="TravellersDropdownMenuDisplayTest" time="0.0" classname="com.emt.testcases.RoundTripTest">
    <ignored/>
  </testcase> <!-- TravellersDropdownMenuDisplayTest -->
  <testcase name="TravellersDropdownTest" time="0.0" classname="com.emt.testcases.RoundTripTest">
    <ignored/>
  </testcase> <!-- TravellersDropdownTest -->
  <testcase name="SelectDateTest" time="0.0" classname="com.emt.testcases.RoundTripTest">
    <ignored/>
  </testcase> <!-- SelectDateTest -->
  <testcase name="FromoriginLeftBlankTest" time="0.0" classname="com.emt.testcases.RoundTripTest">
    <ignored/>
  </testcase> <!-- FromoriginLeftBlankTest -->
  <testcase name="fromDropdownDisplayTest" time="0.0" classname="com.emt.testcases.RoundTripTest">
    <ignored/>
  </testcase> <!-- fromDropdownDisplayTest -->
  <testcase name="ToCountryOrCityTest" time="0.0" classname="com.emt.testcases.RoundTripTest">
    <ignored/>
  </testcase> <!-- ToCountryOrCityTest -->
  <testcase name="DateFieldClickTest" time="0.0" classname="com.emt.testcases.RoundTripTest">
    <ignored/>
  </testcase> <!-- DateFieldClickTest -->
  <testcase name="fromDropdownAlphaNumericTest" time="0.0" classname="com.emt.testcases.RoundTripTest">
    <ignored/>
  </testcase> <!-- fromDropdownAlphaNumericTest -->
  <testcase name="ToDropdownDSpecialharacterAcceptanceTest" time="0.0" classname="com.emt.testcases.RoundTripTest">
    <ignored/>
  </testcase> <!-- ToDropdownDSpecialharacterAcceptanceTest -->
</testsuite> <!-- Default test -->
