<?xml version="1.0" encoding="UTF-8"?>
<!-- Generated by org.testng.reporters.JUnitXMLReporter -->
<testsuite hostname="vaibs-pc" ignored="0" name="Ease My Trip TestCases" tests="74" failures="0" timestamp="2021-10-20T17:06:08 IST" time="597.216" errors="0">
  <testcase name="validateLoginpageTitleTest" time="0.116" classname="com.emt.testcases.LoginPageTest"/>
  <testcase name="validateEMTLogoTest" time="0.144" classname="com.emt.testcases.LoginPageTest"/>
  <testcase name="loginPageTest" time="2.275" classname="com.emt.testcases.LoginPageTest"/>
  <testcase name="invalidlogintest" time="0.656" classname="com.emt.testcases.LoginPageTest"/>
  <testcase name="registrationValidCredentialsTest" time="20.98" classname="com.emt.testcases.RegistrationPageTest"/>
  <testcase name="registrationInvalidCredentialsTest" time="0.715" classname="com.emt.testcases.RegistrationPageTest"/>
  <testcase name="DateFieldClickTest" time="0.113" classname="com.emt.testcases.OneWayTripTest"/>
  <testcase name="FromCountryOrCityTest" time="0.341" classname="com.emt.testcases.OneWayTripTest"/>
  <testcase name="FromoriginLeftBlankTest" time="0.282" classname="com.emt.testcases.OneWayTripTest"/>
  <testcase name="SelectDateTest" time="0.265" classname="com.emt.testcases.OneWayTripTest"/>
  <testcase name="SelectNextTwoMonthDateTest" time="0.302" classname="com.emt.testcases.OneWayTripTest"/>
  <testcase name="ToCountryOrCityTest" time="0.337" classname="com.emt.testcases.OneWayTripTest"/>
  <testcase name="ToDropdownAlphaNumericTest" time="0.283" classname="com.emt.testcases.OneWayTripTest"/>
  <testcase name="ToDropdownCharacterAcceptanceTest" time="0.288" classname="com.emt.testcases.OneWayTripTest"/>
  <testcase name="ToDropdownDSpecialharacterAcceptanceTest" time="0.281" classname="com.emt.testcases.OneWayTripTest"/>
  <testcase name="ToDropdownDisplayTest" time="0.181" classname="com.emt.testcases.OneWayTripTest"/>
  <testcase name="ToDropdownNumberAcceptanceTest" time="0.338" classname="com.emt.testcases.OneWayTripTest"/>
  <testcase name="ToOriginLeftBlankTest" time="0.236" classname="com.emt.testcases.OneWayTripTest"/>
  <testcase name="TravellersDropdownAdultAddDelTest" time="0.315" classname="com.emt.testcases.OneWayTripTest"/>
  <testcase name="TravellersDropdownChildAddDelTest" time="0.275" classname="com.emt.testcases.OneWayTripTest"/>
  <testcase name="TravellersDropdownInfantAddDelTest" time="0.448" classname="com.emt.testcases.OneWayTripTest"/>
  <testcase name="TravellersDropdownMenuDisplayTest" time="0.067" classname="com.emt.testcases.OneWayTripTest"/>
  <testcase name="TravellersDropdownTest" time="0.125" classname="com.emt.testcases.OneWayTripTest"/>
  <testcase name="flightPageTest" time="20.44" classname="com.emt.testcases.OneWayTripTest"/>
  <testcase name="fromDropdownAlphaNumericTest" time="0.313" classname="com.emt.testcases.OneWayTripTest"/>
  <testcase name="fromDropdownCharacterAcceptanceTest" time="0.309" classname="com.emt.testcases.OneWayTripTest"/>
  <testcase name="fromDropdownDisplayTest" time="0.233" classname="com.emt.testcases.OneWayTripTest"/>
  <testcase name="fromDropdownNumberAcceptanceTest" time="0.316" classname="com.emt.testcases.OneWayTripTest"/>
  <testcase name="fromDropdownSpecialharacterAcceptanceTest" time="0.319" classname="com.emt.testcases.OneWayTripTest"/>
  <testcase name="searchFlightsForOneWayTripTest" time="8.557" classname="com.emt.testcases.OneWayTripTest"/>
  <testcase name="searchFlightsForOneWayTripTest" time="8.386" classname="com.emt.testcases.OneWayTripTest"/>
  <testcase name="searchFlightsForOneWayTripTest" time="8.686" classname="com.emt.testcases.OneWayTripTest"/>
  <testcase name="searchFlightsForOneWayTripTest" time="8.476" classname="com.emt.testcases.OneWayTripTest"/>
  <testcase name="searchFlightsForOneWayTripTest" time="8.308" classname="com.emt.testcases.OneWayTripTest"/>
  <testcase name="searchFlightsForOneWayTripTest" time="8.505" classname="com.emt.testcases.OneWayTripTest"/>
  <testcase name="searchFlightsForOneWayTripTest" time="9.622" classname="com.emt.testcases.OneWayTripTest"/>
  <testcase name="searchFlightsForOneWayTripTest" time="8.379" classname="com.emt.testcases.OneWayTripTest"/>
  <testcase name="searchFlightsForOneWayTripTest" time="8.325" classname="com.emt.testcases.OneWayTripTest"/>
  <testcase name="searchFlightsForOneWayTripTest" time="8.39" classname="com.emt.testcases.OneWayTripTest"/>
  <testcase name="searchFlightsForOneWayTripTest" time="8.504" classname="com.emt.testcases.OneWayTripTest"/>
  <testcase name="DateFieldClickTest" time="0.137" classname="com.emt.testcases.RoundTripTest"/>
  <testcase name="FromCountryOrCityTest" time="0.359" classname="com.emt.testcases.RoundTripTest"/>
  <testcase name="FromoriginLeftBlankTest" time="0.258" classname="com.emt.testcases.RoundTripTest"/>
  <testcase name="SelectDateTest" time="0.214" classname="com.emt.testcases.RoundTripTest"/>
  <testcase name="SelectNextTwoMonthDateTest" time="0.294" classname="com.emt.testcases.RoundTripTest"/>
  <testcase name="ToCountryOrCityTest" time="0.306" classname="com.emt.testcases.RoundTripTest"/>
  <testcase name="ToDropdownAlphaNumericTest" time="0.277" classname="com.emt.testcases.RoundTripTest"/>
  <testcase name="ToDropdownCharacterAcceptanceTest" time="0.384" classname="com.emt.testcases.RoundTripTest"/>
  <testcase name="ToDropdownDSpecialharacterAcceptanceTest" time="0.281" classname="com.emt.testcases.RoundTripTest"/>
  <testcase name="ToDropdownDisplayTest" time="0.233" classname="com.emt.testcases.RoundTripTest"/>
  <testcase name="ToDropdownNumberAcceptanceTest" time="0.321" classname="com.emt.testcases.RoundTripTest"/>
  <testcase name="ToOriginLeftBlankTest" time="0.228" classname="com.emt.testcases.RoundTripTest"/>
  <testcase name="TravellersDropdownAdultAddDelTest" time="0.319" classname="com.emt.testcases.RoundTripTest"/>
  <testcase name="TravellersDropdownChildAddDelTest" time="0.316" classname="com.emt.testcases.RoundTripTest"/>
  <testcase name="TravellersDropdownInfantAddDelTest" time="0.321" classname="com.emt.testcases.RoundTripTest"/>
  <testcase name="TravellersDropdownMenuDisplayTest" time="0.055" classname="com.emt.testcases.RoundTripTest"/>
  <testcase name="TravellersDropdownTest" time="0.114" classname="com.emt.testcases.RoundTripTest"/>
  <testcase name="flightPageTest" time="22.288" classname="com.emt.testcases.RoundTripTest"/>
  <testcase name="fromDropdownAlphaNumericTest" time="0.363" classname="com.emt.testcases.RoundTripTest"/>
  <testcase name="fromDropdownCharacterAcceptanceTest" time="0.283" classname="com.emt.testcases.RoundTripTest"/>
  <testcase name="fromDropdownDisplayTest" time="0.185" classname="com.emt.testcases.RoundTripTest"/>
  <testcase name="fromDropdownNumberAcceptanceTest" time="0.288" classname="com.emt.testcases.RoundTripTest"/>
  <testcase name="fromDropdownSpecialharacterAcceptanceTest" time="0.3" classname="com.emt.testcases.RoundTripTest"/>
  <testcase name="searchFlightsForRoundTripTest" time="3.614" classname="com.emt.testcases.RoundTripTest"/>
  <testcase name="searchFlightsForRoundTripTest" time="3.529" classname="com.emt.testcases.RoundTripTest"/>
  <testcase name="searchFlightsForRoundTripTest" time="3.464" classname="com.emt.testcases.RoundTripTest"/>
  <testcase name="searchFlightsForRoundTripTest" time="3.633" classname="com.emt.testcases.RoundTripTest"/>
  <testcase name="searchFlightsForRoundTripTest" time="3.576" classname="com.emt.testcases.RoundTripTest"/>
  <testcase name="searchFlightsForRoundTripTest" time="3.725" classname="com.emt.testcases.RoundTripTest"/>
  <testcase name="searchFlightsForRoundTripTest" time="4.036" classname="com.emt.testcases.RoundTripTest"/>
  <testcase name="searchFlightsForRoundTripTest" time="4.04" classname="com.emt.testcases.RoundTripTest"/>
  <testcase name="searchFlightsForRoundTripTest" time="3.514" classname="com.emt.testcases.RoundTripTest"/>
  <testcase name="searchFlightsForRoundTripTest" time="3.42" classname="com.emt.testcases.RoundTripTest"/>
  <testcase name="searchFlightsForRoundTripTest" time="3.996" classname="com.emt.testcases.RoundTripTest"/>
</testsuite> <!-- Ease My Trip TestCases -->
