<?xml version="1.0" encoding="UTF-8"?>
<testng-results skipped="0" failed="0" ignored="0" total="74" passed="74">
  <reporter-output>
  </reporter-output>
  <suite name="Ease My Trip Test Automation Test Suite" duration-ms="597216" started-at="2021-10-20T16:56:11 IST" finished-at="2021-10-20T17:06:08 IST">
    <groups>
    </groups>
    <test name="Ease My Trip TestCases" duration-ms="597216" started-at="2021-10-20T16:56:11 IST" finished-at="2021-10-20T17:06:08 IST">
      <class name="com.emt.testcases.LoginPageTest">
        <test-method status="PASS" signature="setup()[pri:0, instance:com.emt.testcases.LoginPageTest@4923ab24]" name="setup" is-config="true" duration-ms="5436" started-at="2021-10-20T16:56:11 IST" finished-at="2021-10-20T16:56:17 IST">
          <reporter-output>
          </reporter-output>
        </test-method> <!-- setup -->
        <test-method status="PASS" signature="validateLoginpageTitleTest()[pri:1, instance:com.emt.testcases.LoginPageTest@4923ab24]" name="validateLoginpageTitleTest" duration-ms="116" started-at="2021-10-20T16:56:17 IST" finished-at="2021-10-20T16:56:17 IST">
          <reporter-output>
          </reporter-output>
        </test-method> <!-- validateLoginpageTitleTest -->
        <test-method status="PASS" signature="tearDown()[pri:0, instance:com.emt.testcases.LoginPageTest@4923ab24]" name="tearDown" is-config="true" duration-ms="738" started-at="2021-10-20T16:56:17 IST" finished-at="2021-10-20T16:56:17 IST">
          <reporter-output>
          </reporter-output>
        </test-method> <!-- tearDown -->
        <test-method status="PASS" signature="setup()[pri:0, instance:com.emt.testcases.LoginPageTest@4923ab24]" name="setup" is-config="true" duration-ms="5647" started-at="2021-10-20T16:56:17 IST" finished-at="2021-10-20T16:56:23 IST">
          <reporter-output>
          </reporter-output>
        </test-method> <!-- setup -->
        <test-method status="PASS" signature="validateEMTLogoTest()[pri:2, instance:com.emt.testcases.LoginPageTest@4923ab24]" name="validateEMTLogoTest" duration-ms="144" started-at="2021-10-20T16:56:23 IST" finished-at="2021-10-20T16:56:23 IST">
          <reporter-output>
          </reporter-output>
        </test-method> <!-- validateEMTLogoTest -->
        <test-method status="PASS" signature="tearDown()[pri:0, instance:com.emt.testcases.LoginPageTest@4923ab24]" name="tearDown" is-config="true" duration-ms="744" started-at="2021-10-20T16:56:23 IST" finished-at="2021-10-20T16:56:24 IST">
          <reporter-output>
          </reporter-output>
        </test-method> <!-- tearDown -->
        <test-method status="PASS" signature="setup()[pri:0, instance:com.emt.testcases.LoginPageTest@4923ab24]" name="setup" is-config="true" duration-ms="4170" started-at="2021-10-20T16:56:24 IST" finished-at="2021-10-20T16:56:28 IST">
          <reporter-output>
          </reporter-output>
        </test-method> <!-- setup -->
        <test-method status="PASS" signature="loginPageTest()[pri:3, instance:com.emt.testcases.LoginPageTest@4923ab24]" name="loginPageTest" duration-ms="2275" started-at="2021-10-20T16:56:28 IST" finished-at="2021-10-20T16:56:30 IST">
          <reporter-output>
          </reporter-output>
        </test-method> <!-- loginPageTest -->
        <test-method status="PASS" signature="tearDown()[pri:0, instance:com.emt.testcases.LoginPageTest@4923ab24]" name="tearDown" is-config="true" duration-ms="772" started-at="2021-10-20T16:56:30 IST" finished-at="2021-10-20T16:56:31 IST">
          <reporter-output>
          </reporter-output>
        </test-method> <!-- tearDown -->
        <test-method status="PASS" signature="setup()[pri:0, instance:com.emt.testcases.LoginPageTest@4923ab24]" name="setup" is-config="true" duration-ms="4130" started-at="2021-10-20T16:56:31 IST" finished-at="2021-10-20T16:56:35 IST">
          <reporter-output>
          </reporter-output>
        </test-method> <!-- setup -->
        <test-method status="PASS" signature="invalidlogintest()[pri:4, instance:com.emt.testcases.LoginPageTest@4923ab24]" name="invalidlogintest" duration-ms="656" started-at="2021-10-20T16:56:35 IST" finished-at="2021-10-20T16:56:36 IST">
          <reporter-output>
          </reporter-output>
        </test-method> <!-- invalidlogintest -->
        <test-method status="PASS" signature="tearDown()[pri:0, instance:com.emt.testcases.LoginPageTest@4923ab24]" name="tearDown" is-config="true" duration-ms="807" started-at="2021-10-20T16:56:36 IST" finished-at="2021-10-20T16:56:37 IST">
          <reporter-output>
          </reporter-output>
        </test-method> <!-- tearDown -->
      </class> <!-- com.emt.testcases.LoginPageTest -->
      <class name="com.emt.testcases.RegistrationPageTest">
        <test-method status="PASS" signature="setup()[pri:0, instance:com.emt.testcases.RegistrationPageTest@43bd930a]" name="setup" is-config="true" duration-ms="4019" started-at="2021-10-20T16:56:37 IST" finished-at="2021-10-20T16:56:41 IST">
          <reporter-output>
          </reporter-output>
        </test-method> <!-- setup -->
        <test-method status="PASS" signature="registrationValidCredentialsTest()[pri:1, instance:com.emt.testcases.RegistrationPageTest@43bd930a]" name="registrationValidCredentialsTest" duration-ms="20980" started-at="2021-10-20T16:56:41 IST" finished-at="2021-10-20T16:57:02 IST">
          <reporter-output>
          </reporter-output>
        </test-method> <!-- registrationValidCredentialsTest -->
        <test-method status="PASS" signature="tearDown()[pri:0, instance:com.emt.testcases.RegistrationPageTest@43bd930a]" name="tearDown" is-config="true" duration-ms="692" started-at="2021-10-20T16:57:02 IST" finished-at="2021-10-20T16:57:02 IST">
          <reporter-output>
          </reporter-output>
        </test-method> <!-- tearDown -->
        <test-method status="PASS" signature="setup()[pri:0, instance:com.emt.testcases.RegistrationPageTest@43bd930a]" name="setup" is-config="true" duration-ms="4700" started-at="2021-10-20T16:57:02 IST" finished-at="2021-10-20T16:57:07 IST">
          <reporter-output>
          </reporter-output>
        </test-method> <!-- setup -->
        <test-method status="PASS" signature="registrationInvalidCredentialsTest()[pri:2, instance:com.emt.testcases.RegistrationPageTest@43bd930a]" name="registrationInvalidCredentialsTest" duration-ms="715" started-at="2021-10-20T16:57:07 IST" finished-at="2021-10-20T16:57:08 IST">
          <reporter-output>
          </reporter-output>
        </test-method> <!-- registrationInvalidCredentialsTest -->
        <test-method status="PASS" signature="tearDown()[pri:0, instance:com.emt.testcases.RegistrationPageTest@43bd930a]" name="tearDown" is-config="true" duration-ms="841" started-at="2021-10-20T16:57:08 IST" finished-at="2021-10-20T16:57:09 IST">
          <reporter-output>
          </reporter-output>
        </test-method> <!-- tearDown -->
      </class> <!-- com.emt.testcases.RegistrationPageTest -->
      <class name="com.emt.testcases.OneWayTripTest">
        <test-method status="PASS" signature="setup()[pri:0, instance:com.emt.testcases.OneWayTripTest@64f6106c]" name="setup" is-config="true" duration-ms="4183" started-at="2021-10-20T16:57:09 IST" finished-at="2021-10-20T16:57:13 IST">
          <reporter-output>
          </reporter-output>
        </test-method> <!-- setup -->
        <test-method status="PASS" signature="DateFieldClickTest()[pri:0, instance:com.emt.testcases.OneWayTripTest@64f6106c]" name="DateFieldClickTest" duration-ms="113" started-at="2021-10-20T16:57:13 IST" finished-at="2021-10-20T16:57:13 IST">
          <reporter-output>
          </reporter-output>
        </test-method> <!-- DateFieldClickTest -->
        <test-method status="PASS" signature="tearDown()[pri:0, instance:com.emt.testcases.OneWayTripTest@64f6106c]" name="tearDown" is-config="true" duration-ms="782" started-at="2021-10-20T16:57:13 IST" finished-at="2021-10-20T16:57:14 IST">
          <reporter-output>
          </reporter-output>
        </test-method> <!-- tearDown -->
        <test-method status="PASS" signature="setup()[pri:0, instance:com.emt.testcases.OneWayTripTest@64f6106c]" name="setup" is-config="true" duration-ms="3878" started-at="2021-10-20T16:57:14 IST" finished-at="2021-10-20T16:57:18 IST">
          <reporter-output>
          </reporter-output>
        </test-method> <!-- setup -->
        <test-method status="PASS" signature="FromCountryOrCityTest()[pri:0, instance:com.emt.testcases.OneWayTripTest@64f6106c]" name="FromCountryOrCityTest" duration-ms="341" started-at="2021-10-20T16:57:18 IST" finished-at="2021-10-20T16:57:18 IST">
          <reporter-output>
          </reporter-output>
        </test-method> <!-- FromCountryOrCityTest -->
        <test-method status="PASS" signature="tearDown()[pri:0, instance:com.emt.testcases.OneWayTripTest@64f6106c]" name="tearDown" is-config="true" duration-ms="792" started-at="2021-10-20T16:57:18 IST" finished-at="2021-10-20T16:57:19 IST">
          <reporter-output>
          </reporter-output>
        </test-method> <!-- tearDown -->
        <test-method status="PASS" signature="setup()[pri:0, instance:com.emt.testcases.OneWayTripTest@64f6106c]" name="setup" is-config="true" duration-ms="3891" started-at="2021-10-20T16:57:19 IST" finished-at="2021-10-20T16:57:23 IST">
          <reporter-output>
          </reporter-output>
        </test-method> <!-- setup -->
        <test-method status="PASS" signature="FromoriginLeftBlankTest()[pri:0, instance:com.emt.testcases.OneWayTripTest@64f6106c]" name="FromoriginLeftBlankTest" duration-ms="282" started-at="2021-10-20T16:57:23 IST" finished-at="2021-10-20T16:57:23 IST">
          <reporter-output>
          </reporter-output>
        </test-method> <!-- FromoriginLeftBlankTest -->
        <test-method status="PASS" signature="tearDown()[pri:0, instance:com.emt.testcases.OneWayTripTest@64f6106c]" name="tearDown" is-config="true" duration-ms="748" started-at="2021-10-20T16:57:23 IST" finished-at="2021-10-20T16:57:24 IST">
          <reporter-output>
          </reporter-output>
        </test-method> <!-- tearDown -->
        <test-method status="PASS" signature="setup()[pri:0, instance:com.emt.testcases.OneWayTripTest@64f6106c]" name="setup" is-config="true" duration-ms="4118" started-at="2021-10-20T16:57:24 IST" finished-at="2021-10-20T16:57:28 IST">
          <reporter-output>
          </reporter-output>
        </test-method> <!-- setup -->
        <test-method status="PASS" signature="SelectDateTest()[pri:0, instance:com.emt.testcases.OneWayTripTest@64f6106c]" name="SelectDateTest" duration-ms="265" started-at="2021-10-20T16:57:28 IST" finished-at="2021-10-20T16:57:28 IST">
          <reporter-output>
          </reporter-output>
        </test-method> <!-- SelectDateTest -->
        <test-method status="PASS" signature="tearDown()[pri:0, instance:com.emt.testcases.OneWayTripTest@64f6106c]" name="tearDown" is-config="true" duration-ms="742" started-at="2021-10-20T16:57:28 IST" finished-at="2021-10-20T16:57:29 IST">
          <reporter-output>
          </reporter-output>
        </test-method> <!-- tearDown -->
        <test-method status="PASS" signature="setup()[pri:0, instance:com.emt.testcases.OneWayTripTest@64f6106c]" name="setup" is-config="true" duration-ms="4425" started-at="2021-10-20T16:57:29 IST" finished-at="2021-10-20T16:57:33 IST">
          <reporter-output>
          </reporter-output>
        </test-method> <!-- setup -->
        <test-method status="PASS" signature="SelectNextTwoMonthDateTest()[pri:0, instance:com.emt.testcases.OneWayTripTest@64f6106c]" name="SelectNextTwoMonthDateTest" duration-ms="302" started-at="2021-10-20T16:57:33 IST" finished-at="2021-10-20T16:57:34 IST">
          <reporter-output>
          </reporter-output>
        </test-method> <!-- SelectNextTwoMonthDateTest -->
        <test-method status="PASS" signature="tearDown()[pri:0, instance:com.emt.testcases.OneWayTripTest@64f6106c]" name="tearDown" is-config="true" duration-ms="724" started-at="2021-10-20T16:57:34 IST" finished-at="2021-10-20T16:57:34 IST">
          <reporter-output>
          </reporter-output>
        </test-method> <!-- tearDown -->
        <test-method status="PASS" signature="setup()[pri:0, instance:com.emt.testcases.OneWayTripTest@64f6106c]" name="setup" is-config="true" duration-ms="3873" started-at="2021-10-20T16:57:34 IST" finished-at="2021-10-20T16:57:38 IST">
          <reporter-output>
          </reporter-output>
        </test-method> <!-- setup -->
        <test-method status="PASS" signature="ToCountryOrCityTest()[pri:0, instance:com.emt.testcases.OneWayTripTest@64f6106c]" name="ToCountryOrCityTest" duration-ms="337" started-at="2021-10-20T16:57:38 IST" finished-at="2021-10-20T16:57:39 IST">
          <reporter-output>
          </reporter-output>
        </test-method> <!-- ToCountryOrCityTest -->
        <test-method status="PASS" signature="tearDown()[pri:0, instance:com.emt.testcases.OneWayTripTest@64f6106c]" name="tearDown" is-config="true" duration-ms="769" started-at="2021-10-20T16:57:39 IST" finished-at="2021-10-20T16:57:39 IST">
          <reporter-output>
          </reporter-output>
        </test-method> <!-- tearDown -->
        <test-method status="PASS" signature="setup()[pri:0, instance:com.emt.testcases.OneWayTripTest@64f6106c]" name="setup" is-config="true" duration-ms="4285" started-at="2021-10-20T16:57:39 IST" finished-at="2021-10-20T16:57:44 IST">
          <reporter-output>
          </reporter-output>
        </test-method> <!-- setup -->
        <test-method status="PASS" signature="ToDropdownAlphaNumericTest()[pri:0, instance:com.emt.testcases.OneWayTripTest@64f6106c]" name="ToDropdownAlphaNumericTest" duration-ms="283" started-at="2021-10-20T16:57:44 IST" finished-at="2021-10-20T16:57:44 IST">
          <reporter-output>
          </reporter-output>
        </test-method> <!-- ToDropdownAlphaNumericTest -->
        <test-method status="PASS" signature="tearDown()[pri:0, instance:com.emt.testcases.OneWayTripTest@64f6106c]" name="tearDown" is-config="true" duration-ms="777" started-at="2021-10-20T16:57:44 IST" finished-at="2021-10-20T16:57:45 IST">
          <reporter-output>
          </reporter-output>
        </test-method> <!-- tearDown -->
        <test-method status="PASS" signature="setup()[pri:0, instance:com.emt.testcases.OneWayTripTest@64f6106c]" name="setup" is-config="true" duration-ms="4164" started-at="2021-10-20T16:57:45 IST" finished-at="2021-10-20T16:57:49 IST">
          <reporter-output>
          </reporter-output>
        </test-method> <!-- setup -->
        <test-method status="PASS" signature="ToDropdownCharacterAcceptanceTest()[pri:0, instance:com.emt.testcases.OneWayTripTest@64f6106c]" name="ToDropdownCharacterAcceptanceTest" duration-ms="288" started-at="2021-10-20T16:57:49 IST" finished-at="2021-10-20T16:57:49 IST">
          <reporter-output>
          </reporter-output>
        </test-method> <!-- ToDropdownCharacterAcceptanceTest -->
        <test-method status="PASS" signature="tearDown()[pri:0, instance:com.emt.testcases.OneWayTripTest@64f6106c]" name="tearDown" is-config="true" duration-ms="754" started-at="2021-10-20T16:57:49 IST" finished-at="2021-10-20T16:57:50 IST">
          <reporter-output>
          </reporter-output>
        </test-method> <!-- tearDown -->
        <test-method status="PASS" signature="setup()[pri:0, instance:com.emt.testcases.OneWayTripTest@64f6106c]" name="setup" is-config="true" duration-ms="4172" started-at="2021-10-20T16:57:50 IST" finished-at="2021-10-20T16:57:54 IST">
          <reporter-output>
          </reporter-output>
        </test-method> <!-- setup -->
        <test-method status="PASS" signature="ToDropdownDSpecialharacterAcceptanceTest()[pri:0, instance:com.emt.testcases.OneWayTripTest@64f6106c]" name="ToDropdownDSpecialharacterAcceptanceTest" duration-ms="281" started-at="2021-10-20T16:57:54 IST" finished-at="2021-10-20T16:57:54 IST">
          <reporter-output>
          </reporter-output>
        </test-method> <!-- ToDropdownDSpecialharacterAcceptanceTest -->
        <test-method status="PASS" signature="tearDown()[pri:0, instance:com.emt.testcases.OneWayTripTest@64f6106c]" name="tearDown" is-config="true" duration-ms="726" started-at="2021-10-20T16:57:54 IST" finished-at="2021-10-20T16:57:55 IST">
          <reporter-output>
          </reporter-output>
        </test-method> <!-- tearDown -->
        <test-method status="PASS" signature="setup()[pri:0, instance:com.emt.testcases.OneWayTripTest@64f6106c]" name="setup" is-config="true" duration-ms="4130" started-at="2021-10-20T16:57:55 IST" finished-at="2021-10-20T16:57:59 IST">
          <reporter-output>
          </reporter-output>
        </test-method> <!-- setup -->
        <test-method status="PASS" signature="ToDropdownDisplayTest()[pri:0, instance:com.emt.testcases.OneWayTripTest@64f6106c]" name="ToDropdownDisplayTest" duration-ms="181" started-at="2021-10-20T16:57:59 IST" finished-at="2021-10-20T16:57:59 IST">
          <reporter-output>
          </reporter-output>
        </test-method> <!-- ToDropdownDisplayTest -->
        <test-method status="PASS" signature="tearDown()[pri:0, instance:com.emt.testcases.OneWayTripTest@64f6106c]" name="tearDown" is-config="true" duration-ms="766" started-at="2021-10-20T16:57:59 IST" finished-at="2021-10-20T16:58:00 IST">
          <reporter-output>
          </reporter-output>
        </test-method> <!-- tearDown -->
        <test-method status="PASS" signature="setup()[pri:0, instance:com.emt.testcases.OneWayTripTest@64f6106c]" name="setup" is-config="true" duration-ms="4020" started-at="2021-10-20T16:58:00 IST" finished-at="2021-10-20T16:58:04 IST">
          <reporter-output>
          </reporter-output>
        </test-method> <!-- setup -->
        <test-method status="PASS" signature="ToDropdownNumberAcceptanceTest()[pri:0, instance:com.emt.testcases.OneWayTripTest@64f6106c]" name="ToDropdownNumberAcceptanceTest" duration-ms="338" started-at="2021-10-20T16:58:04 IST" finished-at="2021-10-20T16:58:04 IST">
          <reporter-output>
          </reporter-output>
        </test-method> <!-- ToDropdownNumberAcceptanceTest -->
        <test-method status="PASS" signature="tearDown()[pri:0, instance:com.emt.testcases.OneWayTripTest@64f6106c]" name="tearDown" is-config="true" duration-ms="759" started-at="2021-10-20T16:58:04 IST" finished-at="2021-10-20T16:58:05 IST">
          <reporter-output>
          </reporter-output>
        </test-method> <!-- tearDown -->
        <test-method status="PASS" signature="setup()[pri:0, instance:com.emt.testcases.OneWayTripTest@64f6106c]" name="setup" is-config="true" duration-ms="4144" started-at="2021-10-20T16:58:05 IST" finished-at="2021-10-20T16:58:09 IST">
          <reporter-output>
          </reporter-output>
        </test-method> <!-- setup -->
        <test-method status="PASS" signature="ToOriginLeftBlankTest()[pri:0, instance:com.emt.testcases.OneWayTripTest@64f6106c]" name="ToOriginLeftBlankTest" duration-ms="236" started-at="2021-10-20T16:58:09 IST" finished-at="2021-10-20T16:58:10 IST">
          <reporter-output>
          </reporter-output>
        </test-method> <!-- ToOriginLeftBlankTest -->
        <test-method status="PASS" signature="tearDown()[pri:0, instance:com.emt.testcases.OneWayTripTest@64f6106c]" name="tearDown" is-config="true" duration-ms="830" started-at="2021-10-20T16:58:10 IST" finished-at="2021-10-20T16:58:10 IST">
          <reporter-output>
          </reporter-output>
        </test-method> <!-- tearDown -->
        <test-method status="PASS" signature="setup()[pri:0, instance:com.emt.testcases.OneWayTripTest@64f6106c]" name="setup" is-config="true" duration-ms="4204" started-at="2021-10-20T16:58:10 IST" finished-at="2021-10-20T16:58:15 IST">
          <reporter-output>
          </reporter-output>
        </test-method> <!-- setup -->
        <test-method status="PASS" signature="TravellersDropdownAdultAddDelTest()[pri:0, instance:com.emt.testcases.OneWayTripTest@64f6106c]" name="TravellersDropdownAdultAddDelTest" duration-ms="315" started-at="2021-10-20T16:58:15 IST" finished-at="2021-10-20T16:58:15 IST">
          <reporter-output>
          </reporter-output>
        </test-method> <!-- TravellersDropdownAdultAddDelTest -->
        <test-method status="PASS" signature="tearDown()[pri:0, instance:com.emt.testcases.OneWayTripTest@64f6106c]" name="tearDown" is-config="true" duration-ms="927" started-at="2021-10-20T16:58:15 IST" finished-at="2021-10-20T16:58:16 IST">
          <reporter-output>
          </reporter-output>
        </test-method> <!-- tearDown -->
        <test-method status="PASS" signature="setup()[pri:0, instance:com.emt.testcases.OneWayTripTest@64f6106c]" name="setup" is-config="true" duration-ms="4866" started-at="2021-10-20T16:58:16 IST" finished-at="2021-10-20T16:58:21 IST">
          <reporter-output>
          </reporter-output>
        </test-method> <!-- setup -->
        <test-method status="PASS" signature="TravellersDropdownChildAddDelTest()[pri:0, instance:com.emt.testcases.OneWayTripTest@64f6106c]" name="TravellersDropdownChildAddDelTest" duration-ms="275" started-at="2021-10-20T16:58:21 IST" finished-at="2021-10-20T16:58:21 IST">
          <reporter-output>
          </reporter-output>
        </test-method> <!-- TravellersDropdownChildAddDelTest -->
        <test-method status="PASS" signature="tearDown()[pri:0, instance:com.emt.testcases.OneWayTripTest@64f6106c]" name="tearDown" is-config="true" duration-ms="754" started-at="2021-10-20T16:58:21 IST" finished-at="2021-10-20T16:58:22 IST">
          <reporter-output>
          </reporter-output>
        </test-method> <!-- tearDown -->
        <test-method status="PASS" signature="setup()[pri:0, instance:com.emt.testcases.OneWayTripTest@64f6106c]" name="setup" is-config="true" duration-ms="4527" started-at="2021-10-20T16:58:22 IST" finished-at="2021-10-20T16:58:26 IST">
          <reporter-output>
          </reporter-output>
        </test-method> <!-- setup -->
        <test-method status="PASS" signature="TravellersDropdownInfantAddDelTest()[pri:0, instance:com.emt.testcases.OneWayTripTest@64f6106c]" name="TravellersDropdownInfantAddDelTest" duration-ms="448" started-at="2021-10-20T16:58:26 IST" finished-at="2021-10-20T16:58:27 IST">
          <reporter-output>
          </reporter-output>
        </test-method> <!-- TravellersDropdownInfantAddDelTest -->
        <test-method status="PASS" signature="tearDown()[pri:0, instance:com.emt.testcases.OneWayTripTest@64f6106c]" name="tearDown" is-config="true" duration-ms="763" started-at="2021-10-20T16:58:27 IST" finished-at="2021-10-20T16:58:28 IST">
          <reporter-output>
          </reporter-output>
        </test-method> <!-- tearDown -->
        <test-method status="PASS" signature="setup()[pri:0, instance:com.emt.testcases.OneWayTripTest@64f6106c]" name="setup" is-config="true" duration-ms="4094" started-at="2021-10-20T16:58:28 IST" finished-at="2021-10-20T16:58:32 IST">
          <reporter-output>
          </reporter-output>
        </test-method> <!-- setup -->
        <test-method status="PASS" signature="TravellersDropdownMenuDisplayTest()[pri:0, instance:com.emt.testcases.OneWayTripTest@64f6106c]" name="TravellersDropdownMenuDisplayTest" duration-ms="67" started-at="2021-10-20T16:58:32 IST" finished-at="2021-10-20T16:58:32 IST">
          <reporter-output>
          </reporter-output>
        </test-method> <!-- TravellersDropdownMenuDisplayTest -->
        <test-method status="PASS" signature="tearDown()[pri:0, instance:com.emt.testcases.OneWayTripTest@64f6106c]" name="tearDown" is-config="true" duration-ms="805" started-at="2021-10-20T16:58:32 IST" finished-at="2021-10-20T16:58:32 IST">
          <reporter-output>
          </reporter-output>
        </test-method> <!-- tearDown -->
        <test-method status="PASS" signature="setup()[pri:0, instance:com.emt.testcases.OneWayTripTest@64f6106c]" name="setup" is-config="true" duration-ms="4190" started-at="2021-10-20T16:58:32 IST" finished-at="2021-10-20T16:58:37 IST">
          <reporter-output>
          </reporter-output>
        </test-method> <!-- setup -->
        <test-method status="PASS" signature="TravellersDropdownTest()[pri:0, instance:com.emt.testcases.OneWayTripTest@64f6106c]" name="TravellersDropdownTest" duration-ms="125" started-at="2021-10-20T16:58:37 IST" finished-at="2021-10-20T16:58:37 IST">
          <reporter-output>
          </reporter-output>
        </test-method> <!-- TravellersDropdownTest -->
        <test-method status="PASS" signature="tearDown()[pri:0, instance:com.emt.testcases.OneWayTripTest@64f6106c]" name="tearDown" is-config="true" duration-ms="762" started-at="2021-10-20T16:58:37 IST" finished-at="2021-10-20T16:58:38 IST">
          <reporter-output>
          </reporter-output>
        </test-method> <!-- tearDown -->
        <test-method status="PASS" signature="setup()[pri:0, instance:com.emt.testcases.OneWayTripTest@64f6106c]" name="setup" is-config="true" duration-ms="4382" started-at="2021-10-20T16:58:38 IST" finished-at="2021-10-20T16:58:42 IST">
          <reporter-output>
          </reporter-output>
        </test-method> <!-- setup -->
        <test-method status="PASS" signature="flightPageTest()[pri:0, instance:com.emt.testcases.OneWayTripTest@64f6106c]" name="flightPageTest" duration-ms="20440" started-at="2021-10-20T16:58:42 IST" finished-at="2021-10-20T16:59:02 IST">
          <reporter-output>
          </reporter-output>
        </test-method> <!-- flightPageTest -->
        <test-method status="PASS" signature="tearDown()[pri:0, instance:com.emt.testcases.OneWayTripTest@64f6106c]" name="tearDown" is-config="true" duration-ms="863" started-at="2021-10-20T16:59:02 IST" finished-at="2021-10-20T16:59:03 IST">
          <reporter-output>
          </reporter-output>
        </test-method> <!-- tearDown -->
        <test-method status="PASS" signature="setup()[pri:0, instance:com.emt.testcases.OneWayTripTest@64f6106c]" name="setup" is-config="true" duration-ms="3962" started-at="2021-10-20T16:59:03 IST" finished-at="2021-10-20T16:59:07 IST">
          <reporter-output>
          </reporter-output>
        </test-method> <!-- setup -->
        <test-method status="PASS" signature="fromDropdownAlphaNumericTest()[pri:0, instance:com.emt.testcases.OneWayTripTest@64f6106c]" name="fromDropdownAlphaNumericTest" duration-ms="313" started-at="2021-10-20T16:59:07 IST" finished-at="2021-10-20T16:59:08 IST">
          <reporter-output>
          </reporter-output>
        </test-method> <!-- fromDropdownAlphaNumericTest -->
        <test-method status="PASS" signature="tearDown()[pri:0, instance:com.emt.testcases.OneWayTripTest@64f6106c]" name="tearDown" is-config="true" duration-ms="791" started-at="2021-10-20T16:59:08 IST" finished-at="2021-10-20T16:59:08 IST">
          <reporter-output>
          </reporter-output>
        </test-method> <!-- tearDown -->
        <test-method status="PASS" signature="setup()[pri:0, instance:com.emt.testcases.OneWayTripTest@64f6106c]" name="setup" is-config="true" duration-ms="4280" started-at="2021-10-20T16:59:08 IST" finished-at="2021-10-20T16:59:13 IST">
          <reporter-output>
          </reporter-output>
        </test-method> <!-- setup -->
        <test-method status="PASS" signature="fromDropdownCharacterAcceptanceTest()[pri:0, instance:com.emt.testcases.OneWayTripTest@64f6106c]" name="fromDropdownCharacterAcceptanceTest" duration-ms="309" started-at="2021-10-20T16:59:13 IST" finished-at="2021-10-20T16:59:13 IST">
          <reporter-output>
          </reporter-output>
        </test-method> <!-- fromDropdownCharacterAcceptanceTest -->
        <test-method status="PASS" signature="tearDown()[pri:0, instance:com.emt.testcases.OneWayTripTest@64f6106c]" name="tearDown" is-config="true" duration-ms="739" started-at="2021-10-20T16:59:13 IST" finished-at="2021-10-20T16:59:14 IST">
          <reporter-output>
          </reporter-output>
        </test-method> <!-- tearDown -->
        <test-method status="PASS" signature="setup()[pri:0, instance:com.emt.testcases.OneWayTripTest@64f6106c]" name="setup" is-config="true" duration-ms="3926" started-at="2021-10-20T16:59:14 IST" finished-at="2021-10-20T16:59:18 IST">
          <reporter-output>
          </reporter-output>
        </test-method> <!-- setup -->
        <test-method status="PASS" signature="fromDropdownDisplayTest()[pri:0, instance:com.emt.testcases.OneWayTripTest@64f6106c]" name="fromDropdownDisplayTest" duration-ms="233" started-at="2021-10-20T16:59:18 IST" finished-at="2021-10-20T16:59:18 IST">
          <reporter-output>
          </reporter-output>
        </test-method> <!-- fromDropdownDisplayTest -->
        <test-method status="PASS" signature="tearDown()[pri:0, instance:com.emt.testcases.OneWayTripTest@64f6106c]" name="tearDown" is-config="true" duration-ms="746" started-at="2021-10-20T16:59:18 IST" finished-at="2021-10-20T16:59:19 IST">
          <reporter-output>
          </reporter-output>
        </test-method> <!-- tearDown -->
        <test-method status="PASS" signature="setup()[pri:0, instance:com.emt.testcases.OneWayTripTest@64f6106c]" name="setup" is-config="true" duration-ms="4178" started-at="2021-10-20T16:59:19 IST" finished-at="2021-10-20T16:59:23 IST">
          <reporter-output>
          </reporter-output>
        </test-method> <!-- setup -->
        <test-method status="PASS" signature="fromDropdownNumberAcceptanceTest()[pri:0, instance:com.emt.testcases.OneWayTripTest@64f6106c]" name="fromDropdownNumberAcceptanceTest" duration-ms="316" started-at="2021-10-20T16:59:23 IST" finished-at="2021-10-20T16:59:23 IST">
          <reporter-output>
          </reporter-output>
        </test-method> <!-- fromDropdownNumberAcceptanceTest -->
        <test-method status="PASS" signature="tearDown()[pri:0, instance:com.emt.testcases.OneWayTripTest@64f6106c]" name="tearDown" is-config="true" duration-ms="709" started-at="2021-10-20T16:59:23 IST" finished-at="2021-10-20T16:59:24 IST">
          <reporter-output>
          </reporter-output>
        </test-method> <!-- tearDown -->
        <test-method status="PASS" signature="setup()[pri:0, instance:com.emt.testcases.OneWayTripTest@64f6106c]" name="setup" is-config="true" duration-ms="4153" started-at="2021-10-20T16:59:24 IST" finished-at="2021-10-20T16:59:28 IST">
          <reporter-output>
          </reporter-output>
        </test-method> <!-- setup -->
        <test-method status="PASS" signature="fromDropdownSpecialharacterAcceptanceTest()[pri:0, instance:com.emt.testcases.OneWayTripTest@64f6106c]" name="fromDropdownSpecialharacterAcceptanceTest" duration-ms="319" started-at="2021-10-20T16:59:28 IST" finished-at="2021-10-20T16:59:28 IST">
          <reporter-output>
          </reporter-output>
        </test-method> <!-- fromDropdownSpecialharacterAcceptanceTest -->
        <test-method status="PASS" signature="tearDown()[pri:0, instance:com.emt.testcases.OneWayTripTest@64f6106c]" name="tearDown" is-config="true" duration-ms="859" started-at="2021-10-20T16:59:28 IST" finished-at="2021-10-20T16:59:29 IST">
          <reporter-output>
          </reporter-output>
        </test-method> <!-- tearDown -->
        <test-method status="PASS" signature="setup()[pri:0, instance:com.emt.testcases.OneWayTripTest@64f6106c]" name="setup" is-config="true" duration-ms="4401" started-at="2021-10-20T16:59:30 IST" finished-at="2021-10-20T16:59:34 IST">
          <reporter-output>
          </reporter-output>
        </test-method> <!-- setup -->
        <test-method status="PASS" signature="searchFlightsForOneWayTripTest(java.lang.String,java.lang.String,java.lang.String)[pri:0, instance:com.emt.testcases.OneWayTripTest@64f6106c]" name="searchFlightsForOneWayTripTest" duration-ms="8557" started-at="2021-10-20T16:59:34 IST" data-provider="getTestData" finished-at="2021-10-20T16:59:43 IST">
          <params>
            <param index="0">
              <value>
                <![CDATA[Delhi]]>
              </value>
            </param>
            <param index="1">
              <value>
                <![CDATA[Kolkata]]>
              </value>
            </param>
            <param index="2">
              <value>
                <![CDATA[26-Oct-2021]]>
              </value>
            </param>
          </params>
          <reporter-output>
          </reporter-output>
        </test-method> <!-- searchFlightsForOneWayTripTest -->
        <test-method status="PASS" signature="tearDown()[pri:0, instance:com.emt.testcases.OneWayTripTest@64f6106c]" name="tearDown" is-config="true" duration-ms="861" started-at="2021-10-20T16:59:43 IST" finished-at="2021-10-20T16:59:44 IST">
          <reporter-output>
          </reporter-output>
        </test-method> <!-- tearDown -->
        <test-method status="PASS" signature="setup()[pri:0, instance:com.emt.testcases.OneWayTripTest@64f6106c]" name="setup" is-config="true" duration-ms="4760" started-at="2021-10-20T16:59:44 IST" finished-at="2021-10-20T16:59:49 IST">
          <reporter-output>
          </reporter-output>
        </test-method> <!-- setup -->
        <test-method status="PASS" signature="searchFlightsForOneWayTripTest(java.lang.String,java.lang.String,java.lang.String)[pri:0, instance:com.emt.testcases.OneWayTripTest@64f6106c]" name="searchFlightsForOneWayTripTest" duration-ms="8386" started-at="2021-10-20T16:59:49 IST" data-provider="getTestData" finished-at="2021-10-20T16:59:57 IST">
          <params>
            <param index="0">
              <value>
                <![CDATA[Bangalore]]>
              </value>
            </param>
            <param index="1">
              <value>
                <![CDATA[Delhi]]>
              </value>
            </param>
            <param index="2">
              <value>
                <![CDATA[02-Oct-2021]]>
              </value>
            </param>
          </params>
          <reporter-output>
          </reporter-output>
        </test-method> <!-- searchFlightsForOneWayTripTest -->
        <test-method status="PASS" signature="tearDown()[pri:0, instance:com.emt.testcases.OneWayTripTest@64f6106c]" name="tearDown" is-config="true" duration-ms="783" started-at="2021-10-20T16:59:57 IST" finished-at="2021-10-20T16:59:58 IST">
          <reporter-output>
          </reporter-output>
        </test-method> <!-- tearDown -->
        <test-method status="PASS" signature="setup()[pri:0, instance:com.emt.testcases.OneWayTripTest@64f6106c]" name="setup" is-config="true" duration-ms="5206" started-at="2021-10-20T16:59:58 IST" finished-at="2021-10-20T17:00:03 IST">
          <reporter-output>
          </reporter-output>
        </test-method> <!-- setup -->
        <test-method status="PASS" signature="searchFlightsForOneWayTripTest(java.lang.String,java.lang.String,java.lang.String)[pri:0, instance:com.emt.testcases.OneWayTripTest@64f6106c]" name="searchFlightsForOneWayTripTest" duration-ms="8686" started-at="2021-10-20T17:00:03 IST" data-provider="getTestData" finished-at="2021-10-20T17:00:12 IST">
          <params>
            <param index="0">
              <value>
                <![CDATA[Mumbai]]>
              </value>
            </param>
            <param index="1">
              <value>
                <![CDATA[Bangalore]]>
              </value>
            </param>
            <param index="2">
              <value>
                <![CDATA[09-Nov-2021]]>
              </value>
            </param>
          </params>
          <reporter-output>
          </reporter-output>
        </test-method> <!-- searchFlightsForOneWayTripTest -->
        <test-method status="PASS" signature="tearDown()[pri:0, instance:com.emt.testcases.OneWayTripTest@64f6106c]" name="tearDown" is-config="true" duration-ms="795" started-at="2021-10-20T17:00:12 IST" finished-at="2021-10-20T17:00:12 IST">
          <reporter-output>
          </reporter-output>
        </test-method> <!-- tearDown -->
        <test-method status="PASS" signature="setup()[pri:0, instance:com.emt.testcases.OneWayTripTest@64f6106c]" name="setup" is-config="true" duration-ms="4443" started-at="2021-10-20T17:00:12 IST" finished-at="2021-10-20T17:00:17 IST">
          <reporter-output>
          </reporter-output>
        </test-method> <!-- setup -->
        <test-method status="PASS" signature="searchFlightsForOneWayTripTest(java.lang.String,java.lang.String,java.lang.String)[pri:0, instance:com.emt.testcases.OneWayTripTest@64f6106c]" name="searchFlightsForOneWayTripTest" duration-ms="8476" started-at="2021-10-20T17:00:17 IST" data-provider="getTestData" finished-at="2021-10-20T17:00:25 IST">
          <params>
            <param index="0">
              <value>
                <![CDATA[Kolkata]]>
              </value>
            </param>
            <param index="1">
              <value>
                <![CDATA[Mumbai]]>
              </value>
            </param>
            <param index="2">
              <value>
                <![CDATA[16-Nov-2021]]>
              </value>
            </param>
          </params>
          <reporter-output>
          </reporter-output>
        </test-method> <!-- searchFlightsForOneWayTripTest -->
        <test-method status="PASS" signature="tearDown()[pri:0, instance:com.emt.testcases.OneWayTripTest@64f6106c]" name="tearDown" is-config="true" duration-ms="817" started-at="2021-10-20T17:00:25 IST" finished-at="2021-10-20T17:00:26 IST">
          <reporter-output>
          </reporter-output>
        </test-method> <!-- tearDown -->
        <test-method status="PASS" signature="setup()[pri:0, instance:com.emt.testcases.OneWayTripTest@64f6106c]" name="setup" is-config="true" duration-ms="4172" started-at="2021-10-20T17:00:26 IST" finished-at="2021-10-20T17:00:30 IST">
          <reporter-output>
          </reporter-output>
        </test-method> <!-- setup -->
        <test-method status="PASS" signature="searchFlightsForOneWayTripTest(java.lang.String,java.lang.String,java.lang.String)[pri:0, instance:com.emt.testcases.OneWayTripTest@64f6106c]" name="searchFlightsForOneWayTripTest" duration-ms="8308" started-at="2021-10-20T17:00:30 IST" data-provider="getTestData" finished-at="2021-10-20T17:00:39 IST">
          <params>
            <param index="0">
              <value>
                <![CDATA[Goa]]>
              </value>
            </param>
            <param index="1">
              <value>
                <![CDATA[Kolkata]]>
              </value>
            </param>
            <param index="2">
              <value>
                <![CDATA[16-Nov-2021]]>
              </value>
            </param>
          </params>
          <reporter-output>
          </reporter-output>
        </test-method> <!-- searchFlightsForOneWayTripTest -->
        <test-method status="PASS" signature="tearDown()[pri:0, instance:com.emt.testcases.OneWayTripTest@64f6106c]" name="tearDown" is-config="true" duration-ms="786" started-at="2021-10-20T17:00:39 IST" finished-at="2021-10-20T17:00:39 IST">
          <reporter-output>
          </reporter-output>
        </test-method> <!-- tearDown -->
        <test-method status="PASS" signature="setup()[pri:0, instance:com.emt.testcases.OneWayTripTest@64f6106c]" name="setup" is-config="true" duration-ms="4401" started-at="2021-10-20T17:00:39 IST" finished-at="2021-10-20T17:00:44 IST">
          <reporter-output>
          </reporter-output>
        </test-method> <!-- setup -->
        <test-method status="PASS" signature="searchFlightsForOneWayTripTest(java.lang.String,java.lang.String,java.lang.String)[pri:0, instance:com.emt.testcases.OneWayTripTest@64f6106c]" name="searchFlightsForOneWayTripTest" duration-ms="8505" started-at="2021-10-20T17:00:44 IST" data-provider="getTestData" finished-at="2021-10-20T17:00:52 IST">
          <params>
            <param index="0">
              <value>
                <![CDATA[Hyderabad]]>
              </value>
            </param>
            <param index="1">
              <value>
                <![CDATA[Goa]]>
              </value>
            </param>
            <param index="2">
              <value>
                <![CDATA[23-Nov-2021]]>
              </value>
            </param>
          </params>
          <reporter-output>
          </reporter-output>
        </test-method> <!-- searchFlightsForOneWayTripTest -->
        <test-method status="PASS" signature="tearDown()[pri:0, instance:com.emt.testcases.OneWayTripTest@64f6106c]" name="tearDown" is-config="true" duration-ms="769" started-at="2021-10-20T17:00:52 IST" finished-at="2021-10-20T17:00:53 IST">
          <reporter-output>
          </reporter-output>
        </test-method> <!-- tearDown -->
        <test-method status="PASS" signature="setup()[pri:0, instance:com.emt.testcases.OneWayTripTest@64f6106c]" name="setup" is-config="true" duration-ms="6125" started-at="2021-10-20T17:00:53 IST" finished-at="2021-10-20T17:00:59 IST">
          <reporter-output>
          </reporter-output>
        </test-method> <!-- setup -->
        <test-method status="PASS" signature="searchFlightsForOneWayTripTest(java.lang.String,java.lang.String,java.lang.String)[pri:0, instance:com.emt.testcases.OneWayTripTest@64f6106c]" name="searchFlightsForOneWayTripTest" duration-ms="9622" started-at="2021-10-20T17:00:59 IST" data-provider="getTestData" finished-at="2021-10-20T17:01:09 IST">
          <params>
            <param index="0">
              <value>
                <![CDATA[Chennai]]>
              </value>
            </param>
            <param index="1">
              <value>
                <![CDATA[Hyderabad]]>
              </value>
            </param>
            <param index="2">
              <value>
                <![CDATA[30-Nov-2021]]>
              </value>
            </param>
          </params>
          <reporter-output>
          </reporter-output>
        </test-method> <!-- searchFlightsForOneWayTripTest -->
        <test-method status="PASS" signature="tearDown()[pri:0, instance:com.emt.testcases.OneWayTripTest@64f6106c]" name="tearDown" is-config="true" duration-ms="847" started-at="2021-10-20T17:01:09 IST" finished-at="2021-10-20T17:01:10 IST">
          <reporter-output>
          </reporter-output>
        </test-method> <!-- tearDown -->
        <test-method status="PASS" signature="setup()[pri:0, instance:com.emt.testcases.OneWayTripTest@64f6106c]" name="setup" is-config="true" duration-ms="4766" started-at="2021-10-20T17:01:10 IST" finished-at="2021-10-20T17:01:14 IST">
          <reporter-output>
          </reporter-output>
        </test-method> <!-- setup -->
        <test-method status="PASS" signature="searchFlightsForOneWayTripTest(java.lang.String,java.lang.String,java.lang.String)[pri:0, instance:com.emt.testcases.OneWayTripTest@64f6106c]" name="searchFlightsForOneWayTripTest" duration-ms="8379" started-at="2021-10-20T17:01:14 IST" data-provider="getTestData" finished-at="2021-10-20T17:01:23 IST">
          <params>
            <param index="0">
              <value>
                <![CDATA[Goa]]>
              </value>
            </param>
            <param index="1">
              <value>
                <![CDATA[Chennai]]>
              </value>
            </param>
            <param index="2">
              <value>
                <![CDATA[07-Dec-2021]]>
              </value>
            </param>
          </params>
          <reporter-output>
          </reporter-output>
        </test-method> <!-- searchFlightsForOneWayTripTest -->
        <test-method status="PASS" signature="tearDown()[pri:0, instance:com.emt.testcases.OneWayTripTest@64f6106c]" name="tearDown" is-config="true" duration-ms="984" started-at="2021-10-20T17:01:23 IST" finished-at="2021-10-20T17:01:24 IST">
          <reporter-output>
          </reporter-output>
        </test-method> <!-- tearDown -->
        <test-method status="PASS" signature="setup()[pri:0, instance:com.emt.testcases.OneWayTripTest@64f6106c]" name="setup" is-config="true" duration-ms="5013" started-at="2021-10-20T17:01:24 IST" finished-at="2021-10-20T17:01:29 IST">
          <reporter-output>
          </reporter-output>
        </test-method> <!-- setup -->
        <test-method status="PASS" signature="searchFlightsForOneWayTripTest(java.lang.String,java.lang.String,java.lang.String)[pri:0, instance:com.emt.testcases.OneWayTripTest@64f6106c]" name="searchFlightsForOneWayTripTest" duration-ms="8325" started-at="2021-10-20T17:01:29 IST" data-provider="getTestData" finished-at="2021-10-20T17:01:37 IST">
          <params>
            <param index="0">
              <value>
                <![CDATA[Kolkata]]>
              </value>
            </param>
            <param index="1">
              <value>
                <![CDATA[Mumbai]]>
              </value>
            </param>
            <param index="2">
              <value>
                <![CDATA[14-Dec-2021]]>
              </value>
            </param>
          </params>
          <reporter-output>
          </reporter-output>
        </test-method> <!-- searchFlightsForOneWayTripTest -->
        <test-method status="PASS" signature="tearDown()[pri:0, instance:com.emt.testcases.OneWayTripTest@64f6106c]" name="tearDown" is-config="true" duration-ms="858" started-at="2021-10-20T17:01:37 IST" finished-at="2021-10-20T17:01:38 IST">
          <reporter-output>
          </reporter-output>
        </test-method> <!-- tearDown -->
        <test-method status="PASS" signature="setup()[pri:0, instance:com.emt.testcases.OneWayTripTest@64f6106c]" name="setup" is-config="true" duration-ms="4284" started-at="2021-10-20T17:01:38 IST" finished-at="2021-10-20T17:01:42 IST">
          <reporter-output>
          </reporter-output>
        </test-method> <!-- setup -->
        <test-method status="PASS" signature="searchFlightsForOneWayTripTest(java.lang.String,java.lang.String,java.lang.String)[pri:0, instance:com.emt.testcases.OneWayTripTest@64f6106c]" name="searchFlightsForOneWayTripTest" duration-ms="8390" started-at="2021-10-20T17:01:42 IST" data-provider="getTestData" finished-at="2021-10-20T17:01:51 IST">
          <params>
            <param index="0">
              <value>
                <![CDATA[Mumbai]]>
              </value>
            </param>
            <param index="1">
              <value>
                <![CDATA[Chennai]]>
              </value>
            </param>
            <param index="2">
              <value>
                <![CDATA[21-Dec-2021]]>
              </value>
            </param>
          </params>
          <reporter-output>
          </reporter-output>
        </test-method> <!-- searchFlightsForOneWayTripTest -->
        <test-method status="PASS" signature="tearDown()[pri:0, instance:com.emt.testcases.OneWayTripTest@64f6106c]" name="tearDown" is-config="true" duration-ms="905" started-at="2021-10-20T17:01:51 IST" finished-at="2021-10-20T17:01:52 IST">
          <reporter-output>
          </reporter-output>
        </test-method> <!-- tearDown -->
        <test-method status="PASS" signature="setup()[pri:0, instance:com.emt.testcases.OneWayTripTest@64f6106c]" name="setup" is-config="true" duration-ms="4498" started-at="2021-10-20T17:01:52 IST" finished-at="2021-10-20T17:01:56 IST">
          <reporter-output>
          </reporter-output>
        </test-method> <!-- setup -->
        <test-method status="PASS" signature="searchFlightsForOneWayTripTest(java.lang.String,java.lang.String,java.lang.String)[pri:0, instance:com.emt.testcases.OneWayTripTest@64f6106c]" name="searchFlightsForOneWayTripTest" duration-ms="8504" started-at="2021-10-20T17:01:56 IST" data-provider="getTestData" finished-at="2021-10-20T17:02:05 IST">
          <params>
            <param index="0">
              <value>
                <![CDATA[Delhi]]>
              </value>
            </param>
            <param index="1">
              <value>
                <![CDATA[Goa]]>
              </value>
            </param>
            <param index="2">
              <value>
                <![CDATA[28-Dec-2021]]>
              </value>
            </param>
          </params>
          <reporter-output>
          </reporter-output>
        </test-method> <!-- searchFlightsForOneWayTripTest -->
        <test-method status="PASS" signature="tearDown()[pri:0, instance:com.emt.testcases.OneWayTripTest@64f6106c]" name="tearDown" is-config="true" duration-ms="797" started-at="2021-10-20T17:02:05 IST" finished-at="2021-10-20T17:02:05 IST">
          <reporter-output>
          </reporter-output>
        </test-method> <!-- tearDown -->
      </class> <!-- com.emt.testcases.OneWayTripTest -->
      <class name="com.emt.testcases.RoundTripTest">
        <test-method status="PASS" signature="setup()[pri:0, instance:com.emt.testcases.RoundTripTest@553a3d88]" name="setup" is-config="true" duration-ms="4048" started-at="2021-10-20T17:02:05 IST" finished-at="2021-10-20T17:02:09 IST">
          <reporter-output>
          </reporter-output>
        </test-method> <!-- setup -->
        <test-method status="PASS" signature="DateFieldClickTest()[pri:0, instance:com.emt.testcases.RoundTripTest@553a3d88]" name="DateFieldClickTest" duration-ms="137" started-at="2021-10-20T17:02:09 IST" finished-at="2021-10-20T17:02:10 IST">
          <reporter-output>
          </reporter-output>
        </test-method> <!-- DateFieldClickTest -->
        <test-method status="PASS" signature="tearDown()[pri:0, instance:com.emt.testcases.RoundTripTest@553a3d88]" name="tearDown" is-config="true" duration-ms="779" started-at="2021-10-20T17:02:10 IST" finished-at="2021-10-20T17:02:10 IST">
          <reporter-output>
          </reporter-output>
        </test-method> <!-- tearDown -->
        <test-method status="PASS" signature="setup()[pri:0, instance:com.emt.testcases.RoundTripTest@553a3d88]" name="setup" is-config="true" duration-ms="4033" started-at="2021-10-20T17:02:10 IST" finished-at="2021-10-20T17:02:14 IST">
          <reporter-output>
          </reporter-output>
        </test-method> <!-- setup -->
        <test-method status="PASS" signature="FromCountryOrCityTest()[pri:0, instance:com.emt.testcases.RoundTripTest@553a3d88]" name="FromCountryOrCityTest" duration-ms="359" started-at="2021-10-20T17:02:14 IST" finished-at="2021-10-20T17:02:15 IST">
          <reporter-output>
          </reporter-output>
        </test-method> <!-- FromCountryOrCityTest -->
        <test-method status="PASS" signature="tearDown()[pri:0, instance:com.emt.testcases.RoundTripTest@553a3d88]" name="tearDown" is-config="true" duration-ms="692" started-at="2021-10-20T17:02:15 IST" finished-at="2021-10-20T17:02:15 IST">
          <reporter-output>
          </reporter-output>
        </test-method> <!-- tearDown -->
        <test-method status="PASS" signature="setup()[pri:0, instance:com.emt.testcases.RoundTripTest@553a3d88]" name="setup" is-config="true" duration-ms="3936" started-at="2021-10-20T17:02:15 IST" finished-at="2021-10-20T17:02:19 IST">
          <reporter-output>
          </reporter-output>
        </test-method> <!-- setup -->
        <test-method status="PASS" signature="FromoriginLeftBlankTest()[pri:0, instance:com.emt.testcases.RoundTripTest@553a3d88]" name="FromoriginLeftBlankTest" duration-ms="258" started-at="2021-10-20T17:02:19 IST" finished-at="2021-10-20T17:02:20 IST">
          <reporter-output>
          </reporter-output>
        </test-method> <!-- FromoriginLeftBlankTest -->
        <test-method status="PASS" signature="tearDown()[pri:0, instance:com.emt.testcases.RoundTripTest@553a3d88]" name="tearDown" is-config="true" duration-ms="745" started-at="2021-10-20T17:02:20 IST" finished-at="2021-10-20T17:02:20 IST">
          <reporter-output>
          </reporter-output>
        </test-method> <!-- tearDown -->
        <test-method status="PASS" signature="setup()[pri:0, instance:com.emt.testcases.RoundTripTest@553a3d88]" name="setup" is-config="true" duration-ms="4189" started-at="2021-10-20T17:02:20 IST" finished-at="2021-10-20T17:02:25 IST">
          <reporter-output>
          </reporter-output>
        </test-method> <!-- setup -->
        <test-method status="PASS" signature="SelectDateTest()[pri:0, instance:com.emt.testcases.RoundTripTest@553a3d88]" name="SelectDateTest" duration-ms="214" started-at="2021-10-20T17:02:25 IST" finished-at="2021-10-20T17:02:25 IST">
          <reporter-output>
          </reporter-output>
        </test-method> <!-- SelectDateTest -->
        <test-method status="PASS" signature="tearDown()[pri:0, instance:com.emt.testcases.RoundTripTest@553a3d88]" name="tearDown" is-config="true" duration-ms="876" started-at="2021-10-20T17:02:25 IST" finished-at="2021-10-20T17:02:26 IST">
          <reporter-output>
          </reporter-output>
        </test-method> <!-- tearDown -->
        <test-method status="PASS" signature="setup()[pri:0, instance:com.emt.testcases.RoundTripTest@553a3d88]" name="setup" is-config="true" duration-ms="3941" started-at="2021-10-20T17:02:26 IST" finished-at="2021-10-20T17:02:30 IST">
          <reporter-output>
          </reporter-output>
        </test-method> <!-- setup -->
        <test-method status="PASS" signature="SelectNextTwoMonthDateTest()[pri:0, instance:com.emt.testcases.RoundTripTest@553a3d88]" name="SelectNextTwoMonthDateTest" duration-ms="294" started-at="2021-10-20T17:02:30 IST" finished-at="2021-10-20T17:02:30 IST">
          <reporter-output>
          </reporter-output>
        </test-method> <!-- SelectNextTwoMonthDateTest -->
        <test-method status="PASS" signature="tearDown()[pri:0, instance:com.emt.testcases.RoundTripTest@553a3d88]" name="tearDown" is-config="true" duration-ms="850" started-at="2021-10-20T17:02:30 IST" finished-at="2021-10-20T17:02:31 IST">
          <reporter-output>
          </reporter-output>
        </test-method> <!-- tearDown -->
        <test-method status="PASS" signature="setup()[pri:0, instance:com.emt.testcases.RoundTripTest@553a3d88]" name="setup" is-config="true" duration-ms="4320" started-at="2021-10-20T17:02:31 IST" finished-at="2021-10-20T17:02:35 IST">
          <reporter-output>
          </reporter-output>
        </test-method> <!-- setup -->
        <test-method status="PASS" signature="ToCountryOrCityTest()[pri:0, instance:com.emt.testcases.RoundTripTest@553a3d88]" name="ToCountryOrCityTest" duration-ms="306" started-at="2021-10-20T17:02:35 IST" finished-at="2021-10-20T17:02:35 IST">
          <reporter-output>
          </reporter-output>
        </test-method> <!-- ToCountryOrCityTest -->
        <test-method status="PASS" signature="tearDown()[pri:0, instance:com.emt.testcases.RoundTripTest@553a3d88]" name="tearDown" is-config="true" duration-ms="774" started-at="2021-10-20T17:02:35 IST" finished-at="2021-10-20T17:02:36 IST">
          <reporter-output>
          </reporter-output>
        </test-method> <!-- tearDown -->
        <test-method status="PASS" signature="setup()[pri:0, instance:com.emt.testcases.RoundTripTest@553a3d88]" name="setup" is-config="true" duration-ms="3889" started-at="2021-10-20T17:02:36 IST" finished-at="2021-10-20T17:02:40 IST">
          <reporter-output>
          </reporter-output>
        </test-method> <!-- setup -->
        <test-method status="PASS" signature="ToDropdownAlphaNumericTest()[pri:0, instance:com.emt.testcases.RoundTripTest@553a3d88]" name="ToDropdownAlphaNumericTest" duration-ms="277" started-at="2021-10-20T17:02:40 IST" finished-at="2021-10-20T17:02:40 IST">
          <reporter-output>
          </reporter-output>
        </test-method> <!-- ToDropdownAlphaNumericTest -->
        <test-method status="PASS" signature="tearDown()[pri:0, instance:com.emt.testcases.RoundTripTest@553a3d88]" name="tearDown" is-config="true" duration-ms="875" started-at="2021-10-20T17:02:40 IST" finished-at="2021-10-20T17:02:41 IST">
          <reporter-output>
          </reporter-output>
        </test-method> <!-- tearDown -->
        <test-method status="PASS" signature="setup()[pri:0, instance:com.emt.testcases.RoundTripTest@553a3d88]" name="setup" is-config="true" duration-ms="4184" started-at="2021-10-20T17:02:41 IST" finished-at="2021-10-20T17:02:45 IST">
          <reporter-output>
          </reporter-output>
        </test-method> <!-- setup -->
        <test-method status="PASS" signature="ToDropdownCharacterAcceptanceTest()[pri:0, instance:com.emt.testcases.RoundTripTest@553a3d88]" name="ToDropdownCharacterAcceptanceTest" duration-ms="384" started-at="2021-10-20T17:02:45 IST" finished-at="2021-10-20T17:02:46 IST">
          <reporter-output>
          </reporter-output>
        </test-method> <!-- ToDropdownCharacterAcceptanceTest -->
        <test-method status="PASS" signature="tearDown()[pri:0, instance:com.emt.testcases.RoundTripTest@553a3d88]" name="tearDown" is-config="true" duration-ms="784" started-at="2021-10-20T17:02:46 IST" finished-at="2021-10-20T17:02:47 IST">
          <reporter-output>
          </reporter-output>
        </test-method> <!-- tearDown -->
        <test-method status="PASS" signature="setup()[pri:0, instance:com.emt.testcases.RoundTripTest@553a3d88]" name="setup" is-config="true" duration-ms="3959" started-at="2021-10-20T17:02:47 IST" finished-at="2021-10-20T17:02:51 IST">
          <reporter-output>
          </reporter-output>
        </test-method> <!-- setup -->
        <test-method status="PASS" signature="ToDropdownDSpecialharacterAcceptanceTest()[pri:0, instance:com.emt.testcases.RoundTripTest@553a3d88]" name="ToDropdownDSpecialharacterAcceptanceTest" duration-ms="281" started-at="2021-10-20T17:02:51 IST" finished-at="2021-10-20T17:02:51 IST">
          <reporter-output>
          </reporter-output>
        </test-method> <!-- ToDropdownDSpecialharacterAcceptanceTest -->
        <test-method status="PASS" signature="tearDown()[pri:0, instance:com.emt.testcases.RoundTripTest@553a3d88]" name="tearDown" is-config="true" duration-ms="768" started-at="2021-10-20T17:02:51 IST" finished-at="2021-10-20T17:02:52 IST">
          <reporter-output>
          </reporter-output>
        </test-method> <!-- tearDown -->
        <test-method status="PASS" signature="setup()[pri:0, instance:com.emt.testcases.RoundTripTest@553a3d88]" name="setup" is-config="true" duration-ms="4478" started-at="2021-10-20T17:02:52 IST" finished-at="2021-10-20T17:02:56 IST">
          <reporter-output>
          </reporter-output>
        </test-method> <!-- setup -->
        <test-method status="PASS" signature="ToDropdownDisplayTest()[pri:0, instance:com.emt.testcases.RoundTripTest@553a3d88]" name="ToDropdownDisplayTest" duration-ms="233" started-at="2021-10-20T17:02:56 IST" finished-at="2021-10-20T17:02:56 IST">
          <reporter-output>
          </reporter-output>
        </test-method> <!-- ToDropdownDisplayTest -->
        <test-method status="PASS" signature="tearDown()[pri:0, instance:com.emt.testcases.RoundTripTest@553a3d88]" name="tearDown" is-config="true" duration-ms="811" started-at="2021-10-20T17:02:56 IST" finished-at="2021-10-20T17:02:57 IST">
          <reporter-output>
          </reporter-output>
        </test-method> <!-- tearDown -->
        <test-method status="PASS" signature="setup()[pri:0, instance:com.emt.testcases.RoundTripTest@553a3d88]" name="setup" is-config="true" duration-ms="4741" started-at="2021-10-20T17:02:57 IST" finished-at="2021-10-20T17:03:02 IST">
          <reporter-output>
          </reporter-output>
        </test-method> <!-- setup -->
        <test-method status="PASS" signature="ToDropdownNumberAcceptanceTest()[pri:0, instance:com.emt.testcases.RoundTripTest@553a3d88]" name="ToDropdownNumberAcceptanceTest" duration-ms="321" started-at="2021-10-20T17:03:02 IST" finished-at="2021-10-20T17:03:02 IST">
          <reporter-output>
          </reporter-output>
        </test-method> <!-- ToDropdownNumberAcceptanceTest -->
        <test-method status="PASS" signature="tearDown()[pri:0, instance:com.emt.testcases.RoundTripTest@553a3d88]" name="tearDown" is-config="true" duration-ms="855" started-at="2021-10-20T17:03:02 IST" finished-at="2021-10-20T17:03:03 IST">
          <reporter-output>
          </reporter-output>
        </test-method> <!-- tearDown -->
        <test-method status="PASS" signature="setup()[pri:0, instance:com.emt.testcases.RoundTripTest@553a3d88]" name="setup" is-config="true" duration-ms="4400" started-at="2021-10-20T17:03:03 IST" finished-at="2021-10-20T17:03:07 IST">
          <reporter-output>
          </reporter-output>
        </test-method> <!-- setup -->
        <test-method status="PASS" signature="ToOriginLeftBlankTest()[pri:0, instance:com.emt.testcases.RoundTripTest@553a3d88]" name="ToOriginLeftBlankTest" duration-ms="228" started-at="2021-10-20T17:03:07 IST" finished-at="2021-10-20T17:03:08 IST">
          <reporter-output>
          </reporter-output>
        </test-method> <!-- ToOriginLeftBlankTest -->
        <test-method status="PASS" signature="tearDown()[pri:0, instance:com.emt.testcases.RoundTripTest@553a3d88]" name="tearDown" is-config="true" duration-ms="774" started-at="2021-10-20T17:03:08 IST" finished-at="2021-10-20T17:03:08 IST">
          <reporter-output>
          </reporter-output>
        </test-method> <!-- tearDown -->
        <test-method status="PASS" signature="setup()[pri:0, instance:com.emt.testcases.RoundTripTest@553a3d88]" name="setup" is-config="true" duration-ms="4255" started-at="2021-10-20T17:03:08 IST" finished-at="2021-10-20T17:03:13 IST">
          <reporter-output>
          </reporter-output>
        </test-method> <!-- setup -->
        <test-method status="PASS" signature="TravellersDropdownAdultAddDelTest()[pri:0, instance:com.emt.testcases.RoundTripTest@553a3d88]" name="TravellersDropdownAdultAddDelTest" duration-ms="319" started-at="2021-10-20T17:03:13 IST" finished-at="2021-10-20T17:03:13 IST">
          <reporter-output>
          </reporter-output>
        </test-method> <!-- TravellersDropdownAdultAddDelTest -->
        <test-method status="PASS" signature="tearDown()[pri:0, instance:com.emt.testcases.RoundTripTest@553a3d88]" name="tearDown" is-config="true" duration-ms="762" started-at="2021-10-20T17:03:13 IST" finished-at="2021-10-20T17:03:14 IST">
          <reporter-output>
          </reporter-output>
        </test-method> <!-- tearDown -->
        <test-method status="PASS" signature="setup()[pri:0, instance:com.emt.testcases.RoundTripTest@553a3d88]" name="setup" is-config="true" duration-ms="6462" started-at="2021-10-20T17:03:14 IST" finished-at="2021-10-20T17:03:20 IST">
          <reporter-output>
          </reporter-output>
        </test-method> <!-- setup -->
        <test-method status="PASS" signature="TravellersDropdownChildAddDelTest()[pri:0, instance:com.emt.testcases.RoundTripTest@553a3d88]" name="TravellersDropdownChildAddDelTest" duration-ms="316" started-at="2021-10-20T17:03:20 IST" finished-at="2021-10-20T17:03:21 IST">
          <reporter-output>
          </reporter-output>
        </test-method> <!-- TravellersDropdownChildAddDelTest -->
        <test-method status="PASS" signature="tearDown()[pri:0, instance:com.emt.testcases.RoundTripTest@553a3d88]" name="tearDown" is-config="true" duration-ms="734" started-at="2021-10-20T17:03:21 IST" finished-at="2021-10-20T17:03:21 IST">
          <reporter-output>
          </reporter-output>
        </test-method> <!-- tearDown -->
        <test-method status="PASS" signature="setup()[pri:0, instance:com.emt.testcases.RoundTripTest@553a3d88]" name="setup" is-config="true" duration-ms="3991" started-at="2021-10-20T17:03:21 IST" finished-at="2021-10-20T17:03:25 IST">
          <reporter-output>
          </reporter-output>
        </test-method> <!-- setup -->
        <test-method status="PASS" signature="TravellersDropdownInfantAddDelTest()[pri:0, instance:com.emt.testcases.RoundTripTest@553a3d88]" name="TravellersDropdownInfantAddDelTest" duration-ms="321" started-at="2021-10-20T17:03:25 IST" finished-at="2021-10-20T17:03:26 IST">
          <reporter-output>
          </reporter-output>
        </test-method> <!-- TravellersDropdownInfantAddDelTest -->
        <test-method status="PASS" signature="tearDown()[pri:0, instance:com.emt.testcases.RoundTripTest@553a3d88]" name="tearDown" is-config="true" duration-ms="783" started-at="2021-10-20T17:03:26 IST" finished-at="2021-10-20T17:03:26 IST">
          <reporter-output>
          </reporter-output>
        </test-method> <!-- tearDown -->
        <test-method status="PASS" signature="setup()[pri:0, instance:com.emt.testcases.RoundTripTest@553a3d88]" name="setup" is-config="true" duration-ms="4254" started-at="2021-10-20T17:03:26 IST" finished-at="2021-10-20T17:03:31 IST">
          <reporter-output>
          </reporter-output>
        </test-method> <!-- setup -->
        <test-method status="PASS" signature="TravellersDropdownMenuDisplayTest()[pri:0, instance:com.emt.testcases.RoundTripTest@553a3d88]" name="TravellersDropdownMenuDisplayTest" duration-ms="55" started-at="2021-10-20T17:03:31 IST" finished-at="2021-10-20T17:03:31 IST">
          <reporter-output>
          </reporter-output>
        </test-method> <!-- TravellersDropdownMenuDisplayTest -->
        <test-method status="PASS" signature="tearDown()[pri:0, instance:com.emt.testcases.RoundTripTest@553a3d88]" name="tearDown" is-config="true" duration-ms="751" started-at="2021-10-20T17:03:31 IST" finished-at="2021-10-20T17:03:31 IST">
          <reporter-output>
          </reporter-output>
        </test-method> <!-- tearDown -->
        <test-method status="PASS" signature="setup()[pri:0, instance:com.emt.testcases.RoundTripTest@553a3d88]" name="setup" is-config="true" duration-ms="4159" started-at="2021-10-20T17:03:31 IST" finished-at="2021-10-20T17:03:36 IST">
          <reporter-output>
          </reporter-output>
        </test-method> <!-- setup -->
        <test-method status="PASS" signature="TravellersDropdownTest()[pri:0, instance:com.emt.testcases.RoundTripTest@553a3d88]" name="TravellersDropdownTest" duration-ms="114" started-at="2021-10-20T17:03:36 IST" finished-at="2021-10-20T17:03:36 IST">
          <reporter-output>
          </reporter-output>
        </test-method> <!-- TravellersDropdownTest -->
        <test-method status="PASS" signature="tearDown()[pri:0, instance:com.emt.testcases.RoundTripTest@553a3d88]" name="tearDown" is-config="true" duration-ms="851" started-at="2021-10-20T17:03:36 IST" finished-at="2021-10-20T17:03:37 IST">
          <reporter-output>
          </reporter-output>
        </test-method> <!-- tearDown -->
        <test-method status="PASS" signature="setup()[pri:0, instance:com.emt.testcases.RoundTripTest@553a3d88]" name="setup" is-config="true" duration-ms="4212" started-at="2021-10-20T17:03:37 IST" finished-at="2021-10-20T17:03:41 IST">
          <reporter-output>
          </reporter-output>
        </test-method> <!-- setup -->
        <test-method status="PASS" signature="flightPageTest()[pri:0, instance:com.emt.testcases.RoundTripTest@553a3d88]" name="flightPageTest" duration-ms="22288" started-at="2021-10-20T17:03:41 IST" finished-at="2021-10-20T17:04:03 IST">
          <reporter-output>
          </reporter-output>
        </test-method> <!-- flightPageTest -->
        <test-method status="PASS" signature="tearDown()[pri:0, instance:com.emt.testcases.RoundTripTest@553a3d88]" name="tearDown" is-config="true" duration-ms="789" started-at="2021-10-20T17:04:03 IST" finished-at="2021-10-20T17:04:04 IST">
          <reporter-output>
          </reporter-output>
        </test-method> <!-- tearDown -->
        <test-method status="PASS" signature="setup()[pri:0, instance:com.emt.testcases.RoundTripTest@553a3d88]" name="setup" is-config="true" duration-ms="4703" started-at="2021-10-20T17:04:04 IST" finished-at="2021-10-20T17:04:09 IST">
          <reporter-output>
          </reporter-output>
        </test-method> <!-- setup -->
        <test-method status="PASS" signature="fromDropdownAlphaNumericTest()[pri:0, instance:com.emt.testcases.RoundTripTest@553a3d88]" name="fromDropdownAlphaNumericTest" duration-ms="363" started-at="2021-10-20T17:04:09 IST" finished-at="2021-10-20T17:04:09 IST">
          <reporter-output>
          </reporter-output>
        </test-method> <!-- fromDropdownAlphaNumericTest -->
        <test-method status="PASS" signature="tearDown()[pri:0, instance:com.emt.testcases.RoundTripTest@553a3d88]" name="tearDown" is-config="true" duration-ms="1136" started-at="2021-10-20T17:04:09 IST" finished-at="2021-10-20T17:04:10 IST">
          <reporter-output>
          </reporter-output>
        </test-method> <!-- tearDown -->
        <test-method status="PASS" signature="setup()[pri:0, instance:com.emt.testcases.RoundTripTest@553a3d88]" name="setup" is-config="true" duration-ms="4525" started-at="2021-10-20T17:04:10 IST" finished-at="2021-10-20T17:04:15 IST">
          <reporter-output>
          </reporter-output>
        </test-method> <!-- setup -->
        <test-method status="PASS" signature="fromDropdownCharacterAcceptanceTest()[pri:0, instance:com.emt.testcases.RoundTripTest@553a3d88]" name="fromDropdownCharacterAcceptanceTest" duration-ms="283" started-at="2021-10-20T17:04:15 IST" finished-at="2021-10-20T17:04:15 IST">
          <reporter-output>
          </reporter-output>
        </test-method> <!-- fromDropdownCharacterAcceptanceTest -->
        <test-method status="PASS" signature="tearDown()[pri:0, instance:com.emt.testcases.RoundTripTest@553a3d88]" name="tearDown" is-config="true" duration-ms="1015" started-at="2021-10-20T17:04:15 IST" finished-at="2021-10-20T17:04:16 IST">
          <reporter-output>
          </reporter-output>
        </test-method> <!-- tearDown -->
        <test-method status="PASS" signature="setup()[pri:0, instance:com.emt.testcases.RoundTripTest@553a3d88]" name="setup" is-config="true" duration-ms="4101" started-at="2021-10-20T17:04:16 IST" finished-at="2021-10-20T17:04:20 IST">
          <reporter-output>
          </reporter-output>
        </test-method> <!-- setup -->
        <test-method status="PASS" signature="fromDropdownDisplayTest()[pri:0, instance:com.emt.testcases.RoundTripTest@553a3d88]" name="fromDropdownDisplayTest" duration-ms="185" started-at="2021-10-20T17:04:20 IST" finished-at="2021-10-20T17:04:20 IST">
          <reporter-output>
          </reporter-output>
        </test-method> <!-- fromDropdownDisplayTest -->
        <test-method status="PASS" signature="tearDown()[pri:0, instance:com.emt.testcases.RoundTripTest@553a3d88]" name="tearDown" is-config="true" duration-ms="770" started-at="2021-10-20T17:04:20 IST" finished-at="2021-10-20T17:04:21 IST">
          <reporter-output>
          </reporter-output>
        </test-method> <!-- tearDown -->
        <test-method status="PASS" signature="setup()[pri:0, instance:com.emt.testcases.RoundTripTest@553a3d88]" name="setup" is-config="true" duration-ms="4207" started-at="2021-10-20T17:04:21 IST" finished-at="2021-10-20T17:04:25 IST">
          <reporter-output>
          </reporter-output>
        </test-method> <!-- setup -->
        <test-method status="PASS" signature="fromDropdownNumberAcceptanceTest()[pri:0, instance:com.emt.testcases.RoundTripTest@553a3d88]" name="fromDropdownNumberAcceptanceTest" duration-ms="288" started-at="2021-10-20T17:04:25 IST" finished-at="2021-10-20T17:04:25 IST">
          <reporter-output>
          </reporter-output>
        </test-method> <!-- fromDropdownNumberAcceptanceTest -->
        <test-method status="PASS" signature="tearDown()[pri:0, instance:com.emt.testcases.RoundTripTest@553a3d88]" name="tearDown" is-config="true" duration-ms="739" started-at="2021-10-20T17:04:25 IST" finished-at="2021-10-20T17:04:26 IST">
          <reporter-output>
          </reporter-output>
        </test-method> <!-- tearDown -->
        <test-method status="PASS" signature="setup()[pri:0, instance:com.emt.testcases.RoundTripTest@553a3d88]" name="setup" is-config="true" duration-ms="4038" started-at="2021-10-20T17:04:26 IST" finished-at="2021-10-20T17:04:30 IST">
          <reporter-output>
          </reporter-output>
        </test-method> <!-- setup -->
        <test-method status="PASS" signature="fromDropdownSpecialharacterAcceptanceTest()[pri:0, instance:com.emt.testcases.RoundTripTest@553a3d88]" name="fromDropdownSpecialharacterAcceptanceTest" duration-ms="300" started-at="2021-10-20T17:04:30 IST" finished-at="2021-10-20T17:04:31 IST">
          <reporter-output>
          </reporter-output>
        </test-method> <!-- fromDropdownSpecialharacterAcceptanceTest -->
        <test-method status="PASS" signature="tearDown()[pri:0, instance:com.emt.testcases.RoundTripTest@553a3d88]" name="tearDown" is-config="true" duration-ms="701" started-at="2021-10-20T17:04:31 IST" finished-at="2021-10-20T17:04:31 IST">
          <reporter-output>
          </reporter-output>
        </test-method> <!-- tearDown -->
        <test-method status="PASS" signature="setup()[pri:0, instance:com.emt.testcases.RoundTripTest@553a3d88]" name="setup" is-config="true" duration-ms="4138" started-at="2021-10-20T17:04:31 IST" finished-at="2021-10-20T17:04:35 IST">
          <reporter-output>
          </reporter-output>
        </test-method> <!-- setup -->
        <test-method status="PASS" signature="searchFlightsForRoundTripTest(java.lang.String,java.lang.String,java.lang.String)[pri:0, instance:com.emt.testcases.RoundTripTest@553a3d88]" name="searchFlightsForRoundTripTest" duration-ms="3614" started-at="2021-10-20T17:04:35 IST" data-provider="getTestData" finished-at="2021-10-20T17:04:39 IST">
          <params>
            <param index="0">
              <value>
                <![CDATA[Delhi]]>
              </value>
            </param>
            <param index="1">
              <value>
                <![CDATA[Kolkata]]>
              </value>
            </param>
            <param index="2">
              <value>
                <![CDATA[26-Oct-2021]]>
              </value>
            </param>
          </params>
          <reporter-output>
          </reporter-output>
        </test-method> <!-- searchFlightsForRoundTripTest -->
        <test-method status="PASS" signature="tearDown()[pri:0, instance:com.emt.testcases.RoundTripTest@553a3d88]" name="tearDown" is-config="true" duration-ms="854" started-at="2021-10-20T17:04:39 IST" finished-at="2021-10-20T17:04:40 IST">
          <reporter-output>
          </reporter-output>
        </test-method> <!-- tearDown -->
        <test-method status="PASS" signature="setup()[pri:0, instance:com.emt.testcases.RoundTripTest@553a3d88]" name="setup" is-config="true" duration-ms="4722" started-at="2021-10-20T17:04:40 IST" finished-at="2021-10-20T17:04:45 IST">
          <reporter-output>
          </reporter-output>
        </test-method> <!-- setup -->
        <test-method status="PASS" signature="searchFlightsForRoundTripTest(java.lang.String,java.lang.String,java.lang.String)[pri:0, instance:com.emt.testcases.RoundTripTest@553a3d88]" name="searchFlightsForRoundTripTest" duration-ms="3529" started-at="2021-10-20T17:04:45 IST" data-provider="getTestData" finished-at="2021-10-20T17:04:48 IST">
          <params>
            <param index="0">
              <value>
                <![CDATA[Bangalore]]>
              </value>
            </param>
            <param index="1">
              <value>
                <![CDATA[Delhi]]>
              </value>
            </param>
            <param index="2">
              <value>
                <![CDATA[02-Oct-2021]]>
              </value>
            </param>
          </params>
          <reporter-output>
          </reporter-output>
        </test-method> <!-- searchFlightsForRoundTripTest -->
        <test-method status="PASS" signature="tearDown()[pri:0, instance:com.emt.testcases.RoundTripTest@553a3d88]" name="tearDown" is-config="true" duration-ms="792" started-at="2021-10-20T17:04:48 IST" finished-at="2021-10-20T17:04:49 IST">
          <reporter-output>
          </reporter-output>
        </test-method> <!-- tearDown -->
        <test-method status="PASS" signature="setup()[pri:0, instance:com.emt.testcases.RoundTripTest@553a3d88]" name="setup" is-config="true" duration-ms="4319" started-at="2021-10-20T17:04:49 IST" finished-at="2021-10-20T17:04:53 IST">
          <reporter-output>
          </reporter-output>
        </test-method> <!-- setup -->
        <test-method status="PASS" signature="searchFlightsForRoundTripTest(java.lang.String,java.lang.String,java.lang.String)[pri:0, instance:com.emt.testcases.RoundTripTest@553a3d88]" name="searchFlightsForRoundTripTest" duration-ms="3464" started-at="2021-10-20T17:04:53 IST" data-provider="getTestData" finished-at="2021-10-20T17:04:57 IST">
          <params>
            <param index="0">
              <value>
                <![CDATA[Mumbai]]>
              </value>
            </param>
            <param index="1">
              <value>
                <![CDATA[Bangalore]]>
              </value>
            </param>
            <param index="2">
              <value>
                <![CDATA[09-Nov-2021]]>
              </value>
            </param>
          </params>
          <reporter-output>
          </reporter-output>
        </test-method> <!-- searchFlightsForRoundTripTest -->
        <test-method status="PASS" signature="tearDown()[pri:0, instance:com.emt.testcases.RoundTripTest@553a3d88]" name="tearDown" is-config="true" duration-ms="782" started-at="2021-10-20T17:04:57 IST" finished-at="2021-10-20T17:04:57 IST">
          <reporter-output>
          </reporter-output>
        </test-method> <!-- tearDown -->
        <test-method status="PASS" signature="setup()[pri:0, instance:com.emt.testcases.RoundTripTest@553a3d88]" name="setup" is-config="true" duration-ms="4200" started-at="2021-10-20T17:04:57 IST" finished-at="2021-10-20T17:05:02 IST">
          <reporter-output>
          </reporter-output>
        </test-method> <!-- setup -->
        <test-method status="PASS" signature="searchFlightsForRoundTripTest(java.lang.String,java.lang.String,java.lang.String)[pri:0, instance:com.emt.testcases.RoundTripTest@553a3d88]" name="searchFlightsForRoundTripTest" duration-ms="3633" started-at="2021-10-20T17:05:02 IST" data-provider="getTestData" finished-at="2021-10-20T17:05:05 IST">
          <params>
            <param index="0">
              <value>
                <![CDATA[Kolkata]]>
              </value>
            </param>
            <param index="1">
              <value>
                <![CDATA[Mumbai]]>
              </value>
            </param>
            <param index="2">
              <value>
                <![CDATA[16-Nov-2021]]>
              </value>
            </param>
          </params>
          <reporter-output>
          </reporter-output>
        </test-method> <!-- searchFlightsForRoundTripTest -->
        <test-method status="PASS" signature="tearDown()[pri:0, instance:com.emt.testcases.RoundTripTest@553a3d88]" name="tearDown" is-config="true" duration-ms="799" started-at="2021-10-20T17:05:05 IST" finished-at="2021-10-20T17:05:06 IST">
          <reporter-output>
          </reporter-output>
        </test-method> <!-- tearDown -->
        <test-method status="PASS" signature="setup()[pri:0, instance:com.emt.testcases.RoundTripTest@553a3d88]" name="setup" is-config="true" duration-ms="4145" started-at="2021-10-20T17:05:06 IST" finished-at="2021-10-20T17:05:10 IST">
          <reporter-output>
          </reporter-output>
        </test-method> <!-- setup -->
        <test-method status="PASS" signature="searchFlightsForRoundTripTest(java.lang.String,java.lang.String,java.lang.String)[pri:0, instance:com.emt.testcases.RoundTripTest@553a3d88]" name="searchFlightsForRoundTripTest" duration-ms="3576" started-at="2021-10-20T17:05:10 IST" data-provider="getTestData" finished-at="2021-10-20T17:05:14 IST">
          <params>
            <param index="0">
              <value>
                <![CDATA[Goa]]>
              </value>
            </param>
            <param index="1">
              <value>
                <![CDATA[Kolkata]]>
              </value>
            </param>
            <param index="2">
              <value>
                <![CDATA[16-Nov-2021]]>
              </value>
            </param>
          </params>
          <reporter-output>
          </reporter-output>
        </test-method> <!-- searchFlightsForRoundTripTest -->
        <test-method status="PASS" signature="tearDown()[pri:0, instance:com.emt.testcases.RoundTripTest@553a3d88]" name="tearDown" is-config="true" duration-ms="849" started-at="2021-10-20T17:05:14 IST" finished-at="2021-10-20T17:05:15 IST">
          <reporter-output>
          </reporter-output>
        </test-method> <!-- tearDown -->
        <test-method status="PASS" signature="setup()[pri:0, instance:com.emt.testcases.RoundTripTest@553a3d88]" name="setup" is-config="true" duration-ms="4443" started-at="2021-10-20T17:05:15 IST" finished-at="2021-10-20T17:05:19 IST">
          <reporter-output>
          </reporter-output>
        </test-method> <!-- setup -->
        <test-method status="PASS" signature="searchFlightsForRoundTripTest(java.lang.String,java.lang.String,java.lang.String)[pri:0, instance:com.emt.testcases.RoundTripTest@553a3d88]" name="searchFlightsForRoundTripTest" duration-ms="3725" started-at="2021-10-20T17:05:19 IST" data-provider="getTestData" finished-at="2021-10-20T17:05:23 IST">
          <params>
            <param index="0">
              <value>
                <![CDATA[Hyderabad]]>
              </value>
            </param>
            <param index="1">
              <value>
                <![CDATA[Goa]]>
              </value>
            </param>
            <param index="2">
              <value>
                <![CDATA[23-Nov-2021]]>
              </value>
            </param>
          </params>
          <reporter-output>
          </reporter-output>
        </test-method> <!-- searchFlightsForRoundTripTest -->
        <test-method status="PASS" signature="tearDown()[pri:0, instance:com.emt.testcases.RoundTripTest@553a3d88]" name="tearDown" is-config="true" duration-ms="850" started-at="2021-10-20T17:05:23 IST" finished-at="2021-10-20T17:05:24 IST">
          <reporter-output>
          </reporter-output>
        </test-method> <!-- tearDown -->
        <test-method status="PASS" signature="setup()[pri:0, instance:com.emt.testcases.RoundTripTest@553a3d88]" name="setup" is-config="true" duration-ms="4378" started-at="2021-10-20T17:05:24 IST" finished-at="2021-10-20T17:05:28 IST">
          <reporter-output>
          </reporter-output>
        </test-method> <!-- setup -->
        <test-method status="PASS" signature="searchFlightsForRoundTripTest(java.lang.String,java.lang.String,java.lang.String)[pri:0, instance:com.emt.testcases.RoundTripTest@553a3d88]" name="searchFlightsForRoundTripTest" duration-ms="4036" started-at="2021-10-20T17:05:28 IST" data-provider="getTestData" finished-at="2021-10-20T17:05:32 IST">
          <params>
            <param index="0">
              <value>
                <![CDATA[Chennai]]>
              </value>
            </param>
            <param index="1">
              <value>
                <![CDATA[Hyderabad]]>
              </value>
            </param>
            <param index="2">
              <value>
                <![CDATA[30-Nov-2021]]>
              </value>
            </param>
          </params>
          <reporter-output>
          </reporter-output>
        </test-method> <!-- searchFlightsForRoundTripTest -->
        <test-method status="PASS" signature="tearDown()[pri:0, instance:com.emt.testcases.RoundTripTest@553a3d88]" name="tearDown" is-config="true" duration-ms="841" started-at="2021-10-20T17:05:32 IST" finished-at="2021-10-20T17:05:33 IST">
          <reporter-output>
          </reporter-output>
        </test-method> <!-- tearDown -->
        <test-method status="PASS" signature="setup()[pri:0, instance:com.emt.testcases.RoundTripTest@553a3d88]" name="setup" is-config="true" duration-ms="4119" started-at="2021-10-20T17:05:33 IST" finished-at="2021-10-20T17:05:37 IST">
          <reporter-output>
          </reporter-output>
        </test-method> <!-- setup -->
        <test-method status="PASS" signature="searchFlightsForRoundTripTest(java.lang.String,java.lang.String,java.lang.String)[pri:0, instance:com.emt.testcases.RoundTripTest@553a3d88]" name="searchFlightsForRoundTripTest" duration-ms="4040" started-at="2021-10-20T17:05:37 IST" data-provider="getTestData" finished-at="2021-10-20T17:05:41 IST">
          <params>
            <param index="0">
              <value>
                <![CDATA[Goa]]>
              </value>
            </param>
            <param index="1">
              <value>
                <![CDATA[Chennai]]>
              </value>
            </param>
            <param index="2">
              <value>
                <![CDATA[07-Dec-2021]]>
              </value>
            </param>
          </params>
          <reporter-output>
          </reporter-output>
        </test-method> <!-- searchFlightsForRoundTripTest -->
        <test-method status="PASS" signature="tearDown()[pri:0, instance:com.emt.testcases.RoundTripTest@553a3d88]" name="tearDown" is-config="true" duration-ms="842" started-at="2021-10-20T17:05:41 IST" finished-at="2021-10-20T17:05:42 IST">
          <reporter-output>
          </reporter-output>
        </test-method> <!-- tearDown -->
        <test-method status="PASS" signature="setup()[pri:0, instance:com.emt.testcases.RoundTripTest@553a3d88]" name="setup" is-config="true" duration-ms="4126" started-at="2021-10-20T17:05:42 IST" finished-at="2021-10-20T17:05:46 IST">
          <reporter-output>
          </reporter-output>
        </test-method> <!-- setup -->
        <test-method status="PASS" signature="searchFlightsForRoundTripTest(java.lang.String,java.lang.String,java.lang.String)[pri:0, instance:com.emt.testcases.RoundTripTest@553a3d88]" name="searchFlightsForRoundTripTest" duration-ms="3514" started-at="2021-10-20T17:05:46 IST" data-provider="getTestData" finished-at="2021-10-20T17:05:50 IST">
          <params>
            <param index="0">
              <value>
                <![CDATA[Kolkata]]>
              </value>
            </param>
            <param index="1">
              <value>
                <![CDATA[Mumbai]]>
              </value>
            </param>
            <param index="2">
              <value>
                <![CDATA[14-Dec-2021]]>
              </value>
            </param>
          </params>
          <reporter-output>
          </reporter-output>
        </test-method> <!-- searchFlightsForRoundTripTest -->
        <test-method status="PASS" signature="tearDown()[pri:0, instance:com.emt.testcases.RoundTripTest@553a3d88]" name="tearDown" is-config="true" duration-ms="839" started-at="2021-10-20T17:05:50 IST" finished-at="2021-10-20T17:05:50 IST">
          <reporter-output>
          </reporter-output>
        </test-method> <!-- tearDown -->
        <test-method status="PASS" signature="setup()[pri:0, instance:com.emt.testcases.RoundTripTest@553a3d88]" name="setup" is-config="true" duration-ms="4156" started-at="2021-10-20T17:05:50 IST" finished-at="2021-10-20T17:05:55 IST">
          <reporter-output>
          </reporter-output>
        </test-method> <!-- setup -->
        <test-method status="PASS" signature="searchFlightsForRoundTripTest(java.lang.String,java.lang.String,java.lang.String)[pri:0, instance:com.emt.testcases.RoundTripTest@553a3d88]" name="searchFlightsForRoundTripTest" duration-ms="3420" started-at="2021-10-20T17:05:55 IST" data-provider="getTestData" finished-at="2021-10-20T17:05:58 IST">
          <params>
            <param index="0">
              <value>
                <![CDATA[Mumbai]]>
              </value>
            </param>
            <param index="1">
              <value>
                <![CDATA[Chennai]]>
              </value>
            </param>
            <param index="2">
              <value>
                <![CDATA[21-Dec-2021]]>
              </value>
            </param>
          </params>
          <reporter-output>
          </reporter-output>
        </test-method> <!-- searchFlightsForRoundTripTest -->
        <test-method status="PASS" signature="tearDown()[pri:0, instance:com.emt.testcases.RoundTripTest@553a3d88]" name="tearDown" is-config="true" duration-ms="938" started-at="2021-10-20T17:05:58 IST" finished-at="2021-10-20T17:05:59 IST">
          <reporter-output>
          </reporter-output>
        </test-method> <!-- tearDown -->
        <test-method status="PASS" signature="setup()[pri:0, instance:com.emt.testcases.RoundTripTest@553a3d88]" name="setup" is-config="true" duration-ms="4469" started-at="2021-10-20T17:05:59 IST" finished-at="2021-10-20T17:06:03 IST">
          <reporter-output>
          </reporter-output>
        </test-method> <!-- setup -->
        <test-method status="PASS" signature="searchFlightsForRoundTripTest(java.lang.String,java.lang.String,java.lang.String)[pri:0, instance:com.emt.testcases.RoundTripTest@553a3d88]" name="searchFlightsForRoundTripTest" duration-ms="3996" started-at="2021-10-20T17:06:03 IST" data-provider="getTestData" finished-at="2021-10-20T17:06:07 IST">
          <params>
            <param index="0">
              <value>
                <![CDATA[Delhi]]>
              </value>
            </param>
            <param index="1">
              <value>
                <![CDATA[Goa]]>
              </value>
            </param>
            <param index="2">
              <value>
                <![CDATA[28-Dec-2021]]>
              </value>
            </param>
          </params>
          <reporter-output>
          </reporter-output>
        </test-method> <!-- searchFlightsForRoundTripTest -->
        <test-method status="PASS" signature="tearDown()[pri:0, instance:com.emt.testcases.RoundTripTest@553a3d88]" name="tearDown" is-config="true" duration-ms="825" started-at="2021-10-20T17:06:07 IST" finished-at="2021-10-20T17:06:08 IST">
          <reporter-output>
          </reporter-output>
        </test-method> <!-- tearDown -->
      </class> <!-- com.emt.testcases.RoundTripTest -->
    </test> <!-- Ease My Trip TestCases -->
  </suite> <!-- Ease My Trip Test Automation Test Suite -->
</testng-results>
